[14:37:59.847][INFO][CraftTweaker-EarlyInit]: CraftTweaker is running on a Minecraft 1.20.1 production server modded with platform Forge
[14:37:59.856][INFO][CraftTweaker-EarlyInit]: Successfully injected RecipeFS file system
[14:37:59.903][INFO][CraftTweaker-Plugins]: Successfully identified and loaded plugin farmersdelight:crafttweaker_plugin
[14:37:59.925][INFO][CraftTweaker-Plugins]: Successfully identified and loaded plugin crafttweaker:builtin
[14:37:59.925][INFO][CraftTweaker-Plugins]: Successfully identified and loaded plugin crafttweaker:builtin_forge
[14:37:59.927][INFO][CraftTweaker-Plugins]: Successfully identified and loaded plugin createtweaker:sifter
[14:37:59.928][INFO][CraftTweaker-Plugins]: Successfully identified and loaded plugin createtweaker:main
[14:38:00.784][INFO][CraftTweaker]: The following mods have explicit CraftTweaker support through the default plugin:
[14:38:00.785][INFO][CraftTweaker]: - 'crafttweaker' at version '14.0.44'
[14:38:00.785][INFO][CraftTweaker]: - 'createsifter' at version '1.20.1-1.8.2.j-55'
[14:38:00.785][INFO][CraftTweaker]: - 'createtweaker' at version '4.0.13'
[14:38:00.785][INFO][CraftTweaker]: - 'farmersdelight' at version '1.20.1-1.2.6'
[14:38:13.118][INFO][CraftTweaker-ZenCode]: Started loading scripts for loader 'initialize'
[14:38:13.391][INFO][CraftTweaker-ZenCode]: Compiling and executing scripts
[14:38:13.412][INFO][CraftTweaker-ZenCode]: Successfully initialized modules [crafttweaker, expansions]
[14:38:13.473][INFO][CraftTweaker-ZenCode]: Execution for loader 'initialize' completed successfully
[14:38:18.755][INFO][CraftTweaker-ZenCode]: Started loading scripts for loader 'tags'
[14:38:18.781][INFO][CraftTweaker-ZenCode]: Compiling and executing scripts
[14:38:18.801][INFO][CraftTweaker-ZenCode]: Successfully initialized modules [crafttweaker, expansions]
[14:38:18.814][INFO][CraftTweaker-ZenCode]: Execution for loader 'tags' completed successfully
[14:38:19.682][INFO][CraftTweaker]: crafttweaker.reload.start
[14:38:19.686][INFO][CraftTweaker-ZenCode]: Started loading scripts for loader 'crafttweaker'
[14:38:19.707][INFO][CraftTweaker-ZenCode]: Compiling and executing scripts
[14:38:20.096][INFO][CraftTweaker-ZenCode]: Successfully initialized modules [mods, crafttweaker, expansions]
[14:38:20.110][INFO][CraftTweaker-ZenCode]: Execution for loader 'crafttweaker' completed successfully
[14:38:20.111][INFO][CraftTweaker]: crafttweaker.reload.complete
