[13Feb2025 00:01:17.545] [Server thread/INFO] [net.minecraft.server.players.PlayerList/]: awaconqueso132[/172.30.145.167:51510] logged in with entity id 2055 at (366.19090252460734, 72.0, 197.00359232943083)
[13Feb2025 00:01:17.596] [Server thread/INFO] [net.minecraft.server.MinecraftServer/]: awaconqueso132 joined the game
[13Feb2025 00:01:17.620] [Server thread/INFO] [Jade/]: Syncing config to awaconqueso132 (c2f65d08-be7b-3690-8448-e6de4e1d3a12)
[13Feb2025 00:01:55.887] [Server thread/INFO] [net.minecraft.server.MinecraftServer/]: [Not Secure] <awaconqueso132> lol
[13Feb2025 00:01:58.574] [Server thread/INFO] [net.minecraft.server.MinecraftServer/]: [Not Secure] <awaconqueso132> DOIS
[13Feb2025 00:03:03.825] [Server thread/INFO] [net.minecraft.server.network.ServerGamePacketListenerImpl/]: awaconqueso132 lost connection: Disconnected
[13Feb2025 00:03:03.826] [Server thread/INFO] [net.minecraft.server.MinecraftServer/]: awaconqueso132 left the game
[13Feb2025 00:03:58.773] [Server thread/INFO] [net.minecraft.server.players.PlayerList/]: awaconqueso132[/172.30.145.167:55550] logged in with entity id 3891 at (366.19090252460734, 72.0, 197.00359232943083)
[13Feb2025 00:03:58.809] [Server thread/INFO] [net.minecraft.server.MinecraftServer/]: awaconqueso132 joined the game
[13Feb2025 00:03:58.850] [Server thread/INFO] [Jade/]: Syncing config to awaconqueso132 (c2f65d08-be7b-3690-8448-e6de4e1d3a12)
[13Feb2025 00:04:26.927] [Server thread/INFO] [net.minecraft.server.MinecraftServer/]: [Not Secure] <awaconqueso132> bof
[13Feb2025 00:04:53.379] [Server thread/INFO] [net.minecraft.server.network.ServerGamePacketListenerImpl/]: awaconqueso132 lost connection: Disconnected
[13Feb2025 00:04:53.380] [Server thread/INFO] [net.minecraft.server.MinecraftServer/]: awaconqueso132 left the game
[13Feb2025 00:05:43.869] [Server thread/INFO] [net.minecraft.server.players.PlayerList/]: awaconqueso132[/172.30.145.167:50920] logged in with entity id 5063 at (366.19090252460734, 72.0, 197.00359232943083)
[13Feb2025 00:05:43.896] [Server thread/INFO] [net.minecraft.server.MinecraftServer/]: awaconqueso132 joined the game
[13Feb2025 00:05:43.907] [Server thread/INFO] [Jade/]: Syncing config to awaconqueso132 (c2f65d08-be7b-3690-8448-e6de4e1d3a12)
[13Feb2025 00:06:10.023] [Server thread/INFO] [net.minecraft.server.MinecraftServer/]: [Not Secure] <awaconqueso132> ea
[13Feb2025 00:06:15.471] [Server thread/INFO] [net.minecraft.server.MinecraftServer/]: [Not Secure] <awaconqueso132> xD
[13Feb2025 00:06:18.024] [Server thread/INFO] [net.minecraft.server.MinecraftServer/]: [Not Secure] <awaconqueso132> q porquerioa
[13Feb2025 00:06:21.420] [Server thread/INFO] [net.minecraft.server.MinecraftServer/]: [Not Secure] <awaconqueso132> no mentira
[13Feb2025 00:06:25.523] [Server thread/INFO] [net.minecraft.server.MinecraftServer/]: [Not Secure] <awaconqueso132> me va mejor q el de mi casa
[13Feb2025 00:06:27.225] [Server thread/INFO] [net.minecraft.server.MinecraftServer/]: [Not Secure] <awaconqueso132> JAJAJAJA
[13Feb2025 00:06:31.990] [Server thread/INFO] [net.minecraft.server.MinecraftServer/]: [Not Secure] <awaconqueso132> ya no
[13Feb2025 00:06:33.422] [Server thread/INFO] [net.minecraft.server.MinecraftServer/]: [Not Secure] <awaconqueso132> :(
[13Feb2025 00:06:37.281] [Server thread/INFO] [net.minecraft.server.MinecraftServer/]: [Not Secure] <awaconqueso132> ya si
[13Feb2025 00:06:38.578] [Server thread/INFO] [net.minecraft.server.MinecraftServer/]: [Not Secure] <awaconqueso132> :)
[13Feb2025 00:06:40.287] [Server thread/INFO] [net.minecraft.server.MinecraftServer/]: [Not Secure] <awaconqueso132> ya no
[13Feb2025 00:06:40.647] [Server thread/INFO] [net.minecraft.server.MinecraftServer/]: [Not Secure] <awaconqueso132> :8
[13Feb2025 00:06:43.432] [Server thread/WARN] [net.minecraft.server.network.ServerGamePacketListenerImpl/]: awaconqueso132 moved too quickly! -5.61438186306998,-1.8509583730854189,-8.274326214542356
[13Feb2025 00:06:49.592] [Server thread/INFO] [net.minecraft.server.MinecraftServer/]: [Not Secure] <awaconqueso132> ya
[13Feb2025 00:06:50.697] [Server thread/INFO] [net.minecraft.server.MinecraftServer/]: [Not Secure] <awaconqueso132> bo
[13Feb2025 00:06:53.225] [Server thread/INFO] [net.minecraft.server.MinecraftServer/]: [Not Secure] <awaconqueso132> y
[13Feb2025 00:07:05.328] [Server thread/WARN] [net.minecraft.server.network.ServerGamePacketListenerImpl/]: awaconqueso132 moved too quickly! 4.625404330128333,4.289699160378873,7.939606663607691
[13Feb2025 00:07:17.226] [Server thread/INFO] [net.minecraft.server.network.ServerGamePacketListenerImpl/]: awaconqueso132 lost connection: Disconnected
[13Feb2025 00:07:17.226] [Server thread/INFO] [net.minecraft.server.MinecraftServer/]: awaconqueso132 left the game
[13Feb2025 00:08:00.822] [Server thread/INFO] [net.minecraft.server.players.PlayerList/]: awaconqueso132[/172.30.145.167:60172] logged in with entity id 6995 at (336.19048588491, 79.68442403232478, 153.4133042708545)
[13Feb2025 00:08:00.848] [Server thread/INFO] [net.minecraft.server.MinecraftServer/]: awaconqueso132 joined the game
[13Feb2025 00:08:00.862] [Server thread/INFO] [Jade/]: Syncing config to awaconqueso132 (c2f65d08-be7b-3690-8448-e6de4e1d3a12)
[13Feb2025 00:08:30.473] [Server thread/INFO] [net.minecraft.server.MinecraftServer/]: [Not Secure] <awaconqueso132> pasamos la vida
[13Feb2025 00:08:44.979] [Server thread/INFO] [net.minecraft.server.network.ServerGamePacketListenerImpl/]: awaconqueso132 lost connection: Disconnected
[13Feb2025 00:08:44.980] [Server thread/INFO] [net.minecraft.server.MinecraftServer/]: awaconqueso132 left the game
