[19:09:20] [modloading-worker-0/INFO] ========================================
[19:09:20] [modloading-worker-0/INFO] Minecraft: 1.20.1
[19:09:20] [modloading-worker-0/INFO] Side: server
[19:09:20] [modloading-worker-0/INFO] Development: false
[19:09:20] [modloading-worker-0/INFO] Version: 12.1.785
[19:09:20] [modloading-worker-0/INFO] Loader:
[19:09:20] [modloading-worker-0/INFO] - Forge: 47.3.24
[19:09:20] [modloading-worker-0/INFO] Dependencies:
[19:09:20] [modloading-worker-0/INFO] - Cloth Config: 11.1.136
[19:09:20] [modloading-worker-0/INFO] - Architectury: 9.2.14
[19:09:20] [modloading-worker-0/INFO] Mixin: 0.8.5
[19:09:20] [modloading-worker-0/INFO] OS: Linux 6.5.0-1025-azure (amd64)
[19:09:20] [modloading-worker-0/INFO] Java: 17.0.13 (Ubuntu)
[19:09:20] [modloading-worker-0/INFO] ========================================
[19:09:20] [modloading-worker-0/INFO] Mods:
[19:09:20] [modloading-worker-0/INFO] - adaptive_performance_tweaks: 11.3.0
[19:09:20] [modloading-worker-0/INFO] - adaptive_performance_tweaks_core: 11.3.0
[19:09:20] [modloading-worker-0/INFO] - adaptive_performance_tweaks_gamerules: 11.3.0
[19:09:20] [modloading-worker-0/INFO] - adaptive_performance_tweaks_items: 11.3.0
[19:09:20] [modloading-worker-0/INFO] - adaptive_performance_tweaks_player: 11.3.0
[19:09:20] [modloading-worker-0/INFO] - adaptive_performance_tweaks_spawn: 11.3.0
[19:09:20] [modloading-worker-0/INFO] - alexscaves: 2.0.2
[19:09:20] [modloading-worker-0/INFO] - alexscavesdelight: 1.0.24-1.20.1
[19:09:20] [modloading-worker-0/INFO] - alexsdelight: 1.5
[19:09:20] [modloading-worker-0/INFO] - alexsmobs: 1.22.9
[19:09:20] [modloading-worker-0/INFO] - architectury: 9.2.14
[19:09:20] [modloading-worker-0/INFO] - balm: 7.3.9
[19:09:20] [modloading-worker-0/INFO] - bcc: 4.0.8
[19:09:20] [modloading-worker-0/INFO] - bellsandwhistles: 0.4.3-1.20.x
[19:09:20] [modloading-worker-0/INFO] - betterchunkloading: 1.20.1-5.1
[19:09:20] [modloading-worker-0/INFO] - betterdeserttemples: 1.20-Forge-3.0.3
[19:09:20] [modloading-worker-0/INFO] - betterdungeons: 1.20-Forge-4.0.4
[19:09:20] [modloading-worker-0/INFO] - bettermineshafts: 1.20-Forge-4.0.4
[19:09:20] [modloading-worker-0/INFO] - bettervillage: 3.2.0
[19:09:20] [modloading-worker-0/INFO] - biomesoplenty: 19.0.0.94
[19:09:20] [modloading-worker-0/INFO] - botarium: 2.3.4
[19:09:20] [modloading-worker-0/INFO] - carryon: 2.1.2.7
[19:09:20] [modloading-worker-0/INFO] - citadel: 2.6.1
[19:09:20] [modloading-worker-0/INFO] - cloth_config: 11.1.136
[19:09:20] [modloading-worker-0/INFO] - clumps: 12.0.0.4
[19:09:20] [modloading-worker-0/INFO] - commongroovylibrary: 0.3.3
[19:09:20] [modloading-worker-0/INFO] - copycats: 2.1.4+mc.1.20.1-forge
[19:09:20] [modloading-worker-0/INFO] - create: 0.5.1.j
[19:09:20] [modloading-worker-0/INFO] - create_central_kitchen: 1.3.12
[19:09:20] [modloading-worker-0/INFO] - create_confectionery: 1.1.0
[19:09:20] [modloading-worker-0/INFO] - create_dragon_lib: 1.4.3
[19:09:20] [modloading-worker-0/INFO] - create_enchantment_industry: 1.2.9.d
[19:09:20] [modloading-worker-0/INFO] - create_jetpack: 4.3.2
[19:09:20] [modloading-worker-0/INFO] - create_new_age: 1.1.2
[19:09:20] [modloading-worker-0/INFO] - create_sa: 2.0.5
[19:09:20] [modloading-worker-0/INFO] - create_sabers: 1.3.0
[19:09:20] [modloading-worker-0/INFO] - create_structures: 0.1.1
[19:09:20] [modloading-worker-0/INFO] - create_things_and_misc: 1.0.0
[19:09:20] [modloading-worker-0/INFO] - createaddition: 1.20.1-1.2.5
[19:09:20] [modloading-worker-0/INFO] - createarmory: 0.5
[19:09:20] [modloading-worker-0/INFO] - createbb: 3.1.1
[19:09:20] [modloading-worker-0/INFO] - createchunkloading: 1.6.0
[19:09:20] [modloading-worker-0/INFO] - createdeco: 2.0.2-1.20.1-forge
[19:09:20] [modloading-worker-0/INFO] - creategbd: 1.3.0b-1.20.1
[19:09:20] [modloading-worker-0/INFO] - createoreexcavation: 1.5.3
[19:09:20] [modloading-worker-0/INFO] - createsweetsandtreets: 1.0.0
[19:09:20] [modloading-worker-0/INFO] - cupboard: 1.20.1-2.7
[19:09:20] [modloading-worker-0/INFO] - curios: 5.11.0+1.20.1
[19:09:20] [modloading-worker-0/INFO] - design_decor: 0.4.0b
[19:09:20] [modloading-worker-0/INFO] - dynamiclights: 1.20.1.2
[19:09:20] [modloading-worker-0/INFO] - dynamicvillage: 0.4
[19:09:20] [modloading-worker-0/INFO] - fallingtree: 4.3.4
[19:09:20] [modloading-worker-0/INFO] - farmers_structures: 1.0.0
[19:09:20] [modloading-worker-0/INFO] - farmersdelight: 1.20.1-1.2.6
[19:09:20] [modloading-worker-0/INFO] - fastasyncworldsave: 1.20.1-2.3
[19:09:20] [modloading-worker-0/INFO] - fastleafdecay: 32
[19:09:20] [modloading-worker-0/INFO] - ferritecore: 6.0.1
[19:09:20] [modloading-worker-0/INFO] - flightlib: 2.1.0
[19:09:20] [modloading-worker-0/INFO] - flywheel: 0.6.11-13
[19:09:20] [modloading-worker-0/INFO] - forge: 47.3.24
[19:09:20] [modloading-worker-0/INFO] - ftblibrary: 2001.2.7
[19:09:20] [modloading-worker-0/INFO] - ftbultimine: 2001.1.5
[19:09:20] [modloading-worker-0/INFO] - fusion: 1.1.1
[19:09:20] [modloading-worker-0/INFO] - fzzy_config: 0.6.2+1.20.1+forge
[19:09:20] [modloading-worker-0/INFO] - geckolib: 4.4.9
[19:09:20] [modloading-worker-0/INFO] - glitchcore: 0.0.1.1
[19:09:20] [modloading-worker-0/INFO] - gml: 4.0.9
[19:09:20] [modloading-worker-0/INFO] - gpumemleakfix: 1.20.1-1.8
[19:09:20] [modloading-worker-0/INFO] - gravestone: 1.20.1-1.0.24
[19:09:20] [modloading-worker-0/INFO] - incendium: 5.3.5
[19:09:20] [modloading-worker-0/INFO] - interiors: 0.5.6
[19:09:20] [modloading-worker-0/INFO] - ironchest: 1.20.1-14.4.4
[19:09:20] [modloading-worker-0/INFO] - ironfurnaces: 4.1.6
[19:09:20] [modloading-worker-0/INFO] - jade: 11.12.3+forge
[19:09:20] [modloading-worker-0/INFO] - jadeaddons: 5.3.1+forge
[19:09:20] [modloading-worker-0/INFO] - konkrete: 1.8.0
[19:09:20] [modloading-worker-0/INFO] - kotlinforforge: 4.11.0
[19:09:20] [modloading-worker-0/INFO] - kuma_api: 20.1.8
[19:09:20] [modloading-worker-0/INFO] - libraryferret: 4.0.0
[19:09:20] [modloading-worker-0/INFO] - mantle: 1.11.36
[19:09:20] [modloading-worker-0/INFO] - melody: 1.0.2
[19:09:20] [modloading-worker-0/INFO] - minecraft: 1.20.1
[19:09:20] [modloading-worker-0/INFO] - mixinextras: 0.2.0
[19:09:20] [modloading-worker-0/INFO] - modernfix: 5.19.5+mc1.20.1
[19:09:20] [modloading-worker-0/INFO] - naturescompass: 1.20.1-1.11.2-forge
[19:09:20] [modloading-worker-0/INFO] - nerb: 0.4.1
[19:09:20] [modloading-worker-0/INFO] - nullscape: 1.2.8
[19:09:20] [modloading-worker-0/INFO] - octolib: 0.4.2
[19:09:20] [modloading-worker-0/INFO] - railways: 1.6.7+forge-mc1.20.1
[19:09:20] [modloading-worker-0/INFO] - rechiseled: 1.1.6
[19:09:20] [modloading-worker-0/INFO] - rechiseledcreate: 1.0.2
[19:09:20] [modloading-worker-0/INFO] - regions_unexplored: 0.5.6
[19:09:20] [modloading-worker-0/INFO] - resourcefullib: 2.1.29
[19:09:20] [modloading-worker-0/INFO] - roughlyenoughitems: 12.1.785
[19:09:20] [modloading-worker-0/INFO] - roughlyenoughprofessions: 2.0.2
[19:09:20] [modloading-worker-0/INFO] - roughlyenoughresources: 2.9.0
[19:09:20] [modloading-worker-0/INFO] - sbmcharcoalblock: 1.1.0
[19:09:20] [modloading-worker-0/INFO] - searchables: 1.0.3
[19:09:20] [modloading-worker-0/INFO] - sliceanddice: 3.3.0
[19:09:20] [modloading-worker-0/INFO] - smoothchunk: 1.20.1-3.8
[19:09:20] [modloading-worker-0/INFO] - sophisticatedbackpacks: 3.20.17.1150
[19:09:20] [modloading-worker-0/INFO] - sophisticatedcore: 0.7.11.799
[19:09:20] [modloading-worker-0/INFO] - storagedrawers: 12.9.12
[19:09:20] [modloading-worker-0/INFO] - supermartijn642configlib: 1.1.8
[19:09:20] [modloading-worker-0/INFO] - supermartijn642corelib: 1.1.17+a
[19:09:20] [modloading-worker-0/INFO] - tconstruct: 3.9.1.19
[19:09:20] [modloading-worker-0/INFO] - tectonic: 2.4.1
[19:09:20] [modloading-worker-0/INFO] - terrablender: 3.0.1.7
[19:09:20] [modloading-worker-0/INFO] - terralith: 2.5.4
[19:09:20] [modloading-worker-0/INFO] - toms_storage: 1.7.0
[19:09:20] [modloading-worker-0/INFO] - w2w2: 1.0
[19:09:20] [modloading-worker-0/INFO] - waystones: 14.1.6
[19:09:20] [modloading-worker-0/INFO] - worldedit: 7.2.15+6463-5ca4dff
[19:09:20] [modloading-worker-0/INFO] - xaerominimap: 24.7.1
[19:09:20] [modloading-worker-0/INFO] - xaeroworldmap: 1.39.2
[19:09:20] [modloading-worker-0/INFO] - xpbook: 2.2.1
[19:09:20] [modloading-worker-0/INFO] - yungsapi: 1.20-Forge-4.0.6
[19:09:20] [modloading-worker-0/INFO] ========================================
[19:09:20] [modloading-worker-0/INFO] [REI] Registered plugin provider DefaultPluginImpl [roughlyenoughitems] for REIServerPlugin
[19:09:20] [modloading-worker-0/INFO] [REI] Registered plugin provider DefaultPluginImpl [roughlyenoughitems] for REIPlugin
[19:09:20] [modloading-worker-0/INFO] [REI] Registered plugin provider DefaultRuntimePlugin [roughlyenoughitems] for REIServerPlugin
[19:09:20] [modloading-worker-0/INFO] [REI] Registered plugin provider DefaultRuntimePlugin [roughlyenoughitems] for REIPlugin
[19:09:36] [Worker-Main-2/DEBUG] [REI] Processed 1 tags in 404.1 μs for minecraft:enchantment
[19:09:36] [Worker-Main-4/DEBUG] [REI] Processed 0 tags in 8.836 μs for minecraft:worldgen/density_function
[19:09:36] [Worker-Main-3/DEBUG] [REI] Processed 88 tags in 645.5 μs for minecraft:entity_type
[19:09:36] [Worker-Main-4/DEBUG] [REI] Processed 0 tags in 26.26 μs for minecraft:damage_type
[19:09:36] [Worker-Main-4/DEBUG] [REI] Processed 0 tags in 14.02 μs for minecraft:worldgen/world_preset
[19:09:36] [Worker-Main-3/DEBUG] [REI] Processed 1 tags in 58.16 μs for minecraft:block_entity_type
[19:09:36] [Worker-Main-2/DEBUG] [REI] Processed 1 tags in 38.88 μs for minecraft:painting_variant
[19:09:36] [Worker-Main-3/DEBUG] [REI] Processed 0 tags in 121.5 μs for minecraft:worldgen/biome
[19:09:36] [Worker-Main-3/DEBUG] [REI] Processed 3 tags in 92.71 μs for minecraft:point_of_interest_type
[19:09:37] [Worker-Main-3/DEBUG] [REI] Processed 0 tags in 9.117 μs for minecraft:dimension_type
[19:09:37] [Worker-Main-2/DEBUG] [REI] Processed 1140 tags in 9.308 ms for minecraft:item
[19:09:37] [Worker-Main-4/DEBUG] [REI] Processed 701 tags in 53.03 ms for minecraft:block
[19:09:37] [Worker-Main-4/DEBUG] [REI] Processed 5 tags in 139.7 μs for minecraft:game_event
[19:09:37] [Worker-Main-3/DEBUG] [REI] Processed 0 tags in 10.18 μs for minecraft:worldgen/structure_set
[19:09:37] [Worker-Main-2/DEBUG] [REI] Processed 140 tags in 218.8 μs for minecraft:fluid
[19:09:37] [Worker-Main-3/DEBUG] [REI] Processed 12 tags in 72.80 μs for minecraft:banner_pattern
[19:09:37] [Worker-Main-3/DEBUG] [REI] Processed 0 tags in 10.60 μs for minecraft:worldgen/flat_level_generator_preset
[19:09:37] [Worker-Main-3/DEBUG] [REI] Processed 2 tags in 35.24 μs for minecraft:cat_variant
[19:09:37] [Worker-Main-3/DEBUG] [REI] Processed 3 tags in 27.00 μs for minecraft:instrument
[19:09:37] [Worker-Main-3/DEBUG] [REI] Processed 0 tags in 16.20 μs for minecraft:worldgen/structure
[19:09:37] [Worker-Main-3/DEBUG] [REI] Processed 1 tags in 12.60 μs for minecraft:recipe_serializer
[19:09:40] [main/DEBUG] [REI] Starting Reload Plugins of stage null
java.lang.Throwable
	at TRANSFORMER/roughlyenoughitems@12.1.785/me.shedaniel.rei.impl.common.plugins.ReloadManagerImpl.reloadPlugins(ReloadManagerImpl.java:110)
	at TRANSFORMER/roughlyenoughitems@12.1.785/me.shedaniel.rei.RoughlyEnoughItemsCore.lambda$onInitialize$5(RoughlyEnoughItemsCore.java:163)
	at java.base/java.util.concurrent.CompletableFuture$UniRun.tryFire(CompletableFuture.java:787)
	at java.base/java.util.concurrent.CompletableFuture$Completion.run(CompletableFuture.java:482)
	at TRANSFORMER/minecraft@1.20.1/net.minecraft.server.packs.resources.SimpleReloadInstance.m_143940_(SimpleReloadInstance.java:69)
	at TRANSFORMER/minecraft@1.20.1/net.minecraft.Util.m_214652_(Util.java:783)
	at TRANSFORMER/minecraft@1.20.1/net.minecraft.Util.m_214679_(Util.java:772)
	at TRANSFORMER/minecraft@1.20.1/net.minecraft.server.Main.main(Main.java:166)
	at java.base/jdk.internal.reflect.NativeMethodAccessorImpl.invoke0(Native Method)
	at java.base/jdk.internal.reflect.NativeMethodAccessorImpl.invoke(NativeMethodAccessorImpl.java:77)
	at java.base/jdk.internal.reflect.DelegatingMethodAccessorImpl.invoke(DelegatingMethodAccessorImpl.java:43)
	at java.base/java.lang.reflect.Method.invoke(Method.java:569)
	at MC-BOOTSTRAP/fmlloader@1.20.1-47.3.24/net.minecraftforge.fml.loading.targets.CommonLaunchHandler.runTarget(CommonLaunchHandler.java:111)
	at MC-BOOTSTRAP/fmlloader@1.20.1-47.3.24/net.minecraftforge.fml.loading.targets.CommonLaunchHandler.serverService(CommonLaunchHandler.java:103)
	at MC-BOOTSTRAP/fmlloader@1.20.1-47.3.24/net.minecraftforge.fml.loading.targets.CommonServerLaunchHandler.lambda$makeService$0(CommonServerLaunchHandler.java:27)
	at MC-BOOTSTRAP/cpw.mods.modlauncher@10.0.9/cpw.mods.modlauncher.LaunchServiceHandlerDecorator.launch(LaunchServiceHandlerDecorator.java:30)
	at MC-BOOTSTRAP/cpw.mods.modlauncher@10.0.9/cpw.mods.modlauncher.LaunchServiceHandler.launch(LaunchServiceHandler.java:53)
	at MC-BOOTSTRAP/cpw.mods.modlauncher@10.0.9/cpw.mods.modlauncher.LaunchServiceHandler.launch(LaunchServiceHandler.java:71)
	at MC-BOOTSTRAP/cpw.mods.modlauncher@10.0.9/cpw.mods.modlauncher.Launcher.run(Launcher.java:108)
	at MC-BOOTSTRAP/cpw.mods.modlauncher@10.0.9/cpw.mods.modlauncher.Launcher.main(Launcher.java:78)
	at MC-BOOTSTRAP/cpw.mods.modlauncher@10.0.9/cpw.mods.modlauncher.BootstrapLaunchConsumer.accept(BootstrapLaunchConsumer.java:26)
	at MC-BOOTSTRAP/cpw.mods.modlauncher@10.0.9/cpw.mods.modlauncher.BootstrapLaunchConsumer.accept(BootstrapLaunchConsumer.java:23)
	at cpw.mods.bootstraplauncher@1.1.2/cpw.mods.bootstraplauncher.BootstrapLauncher.main(BootstrapLauncher.java:141)
[19:09:40] [main/DEBUG] [REI] ========================================
[19:09:40] [main/DEBUG] [REI] REIPlugin starting pre-reload for START.
[19:09:40] [main/DEBUG] [REI] Reloadables (7):
[19:09:40] [main/DEBUG] [REI]  - EntryTypeRegistryImpl
[19:09:40] [main/DEBUG] [REI]  - EntrySettingsAdapterRegistryImpl
[19:09:40] [main/DEBUG] [REI]  - RecipeManagerContextImpl
[19:09:40] [main/DEBUG] [REI]  - ItemComparatorRegistryImpl
[19:09:40] [main/DEBUG] [REI]  - FluidComparatorRegistryImpl
[19:09:40] [main/DEBUG] [REI]  - DisplaySerializerRegistryImpl
[19:09:40] [main/DEBUG] [REI]  - FluidSupportProviderImpl
[19:09:40] [main/DEBUG] [REI] Plugins (2):
[19:09:40] [main/DEBUG] [REI]  - (-100.00) DefaultPluginImpl of DefaultPluginImpl [roughlyenoughitems]
[19:09:40] [main/DEBUG] [REI]  - (0.00) DefaultRuntimePlugin of DefaultRuntimePlugin [roughlyenoughitems]
[19:09:40] [main/DEBUG] [REI] ========================================
[19:09:40] [main/TRACE] [REI] [REIPlugin START] Reloading Section: "pre-register/"
[19:09:40] [main/TRACE] [REI] [REIPlugin START] Reloading Section: "pre-register/DefaultPluginImpl of DefaultPluginImpl [roughlyenoughitems]/"
[19:09:40] [main/TRACE] [REI] [REIPlugin START] Reloading Section: "pre-register/DefaultPluginImpl of DefaultPluginImpl [roughlyenoughitems]/" done in 795.0 μs
[19:09:40] [main/TRACE] [REI] [REIPlugin START] Reloading Section: "pre-register/DefaultRuntimePlugin of DefaultRuntimePlugin [roughlyenoughitems]/"
[19:09:40] [main/TRACE] [REI] [REIPlugin START] Reloading Section: "pre-register/DefaultRuntimePlugin of DefaultRuntimePlugin [roughlyenoughitems]/" done in 78.57 μs
[19:09:40] [main/TRACE] [REI] [REIPlugin START] Reloading Section: "pre-register/" done in 10.04 ms
[19:09:40] [main/TRACE] [REI] [REIPlugin START] Reloading Section: "pre-stage/"
[19:09:40] [main/TRACE] [REI] [REIPlugin START] Reloading Section: "pre-stage/EntryTypeRegistryImpl/"
[19:09:40] [main/TRACE] [REI] [REIPlugin START] Reloading Section: "pre-stage/EntryTypeRegistryImpl/" done in 260.6 μs
[19:09:40] [main/TRACE] [REI] [REIPlugin START] Reloading Section: "pre-stage/EntrySettingsAdapterRegistryImpl/"
[19:09:40] [main/TRACE] [REI] [REIPlugin START] Reloading Section: "pre-stage/EntrySettingsAdapterRegistryImpl/" done in 60.13 μs
[19:09:40] [main/TRACE] [REI] [REIPlugin START] Reloading Section: "pre-stage/RecipeManagerContextImpl/"
[19:09:40] [main/TRACE] [REI] [REIPlugin START] Reloading Section: "pre-stage/RecipeManagerContextImpl/" done in 65.56 μs
[19:09:40] [main/TRACE] [REI] [REIPlugin START] Reloading Section: "pre-stage/ItemComparatorRegistryImpl/"
[19:09:40] [main/TRACE] [REI] [REIPlugin START] Reloading Section: "pre-stage/ItemComparatorRegistryImpl/" done in 69.17 μs
[19:09:40] [main/TRACE] [REI] [REIPlugin START] Reloading Section: "pre-stage/FluidComparatorRegistryImpl/"
[19:09:40] [main/TRACE] [REI] [REIPlugin START] Reloading Section: "pre-stage/FluidComparatorRegistryImpl/" done in 52.33 μs
[19:09:40] [main/TRACE] [REI] [REIPlugin START] Reloading Section: "pre-stage/DisplaySerializerRegistryImpl/"
[19:09:40] [main/TRACE] [REI] [REIPlugin START] Reloading Section: "pre-stage/DisplaySerializerRegistryImpl/" done in 43.32 μs
[19:09:40] [main/TRACE] [REI] [REIPlugin START] Reloading Section: "pre-stage/FluidSupportProviderImpl/"
[19:09:40] [main/TRACE] [REI] [REIPlugin START] Reloading Section: "pre-stage/FluidSupportProviderImpl/" done in 110.1 μs
[19:09:40] [main/TRACE] [REI] [REIPlugin START] Reloading Section: "pre-stage/" done in 1.685 ms
[19:09:40] [main/DEBUG] [REI] ========================================
[19:09:40] [main/DEBUG] [REI] REIPlugin finished pre-reload for START in 12.37 ms.
[19:09:40] [main/DEBUG] [REI] ========================================
[19:09:40] [main/DEBUG] [REI] ========================================
[19:09:40] [main/DEBUG] [REI] REIServerPlugin starting pre-reload for START.
[19:09:40] [main/DEBUG] [REI] Reloadables (2):
[19:09:40] [main/DEBUG] [REI]  - MenuInfoRegistryImpl
[19:09:40] [main/DEBUG] [REI]  - SlotAccessorRegistryImpl
[19:09:40] [main/DEBUG] [REI] Plugins (2):
[19:09:40] [main/DEBUG] [REI]  - (-100.00) DefaultPluginImpl of DefaultPluginImpl [roughlyenoughitems]
[19:09:40] [main/DEBUG] [REI]  - (0.00) DefaultRuntimePlugin of DefaultRuntimePlugin [roughlyenoughitems]
[19:09:40] [main/DEBUG] [REI] ========================================
[19:09:40] [main/TRACE] [REI] [REIServerPlugin START] Reloading Section: "pre-register/"
[19:09:40] [main/TRACE] [REI] [REIServerPlugin START] Reloading Section: "pre-register/DefaultPluginImpl of DefaultPluginImpl [roughlyenoughitems]/"
[19:09:40] [main/TRACE] [REI] [REIServerPlugin START] Reloading Section: "pre-register/DefaultPluginImpl of DefaultPluginImpl [roughlyenoughitems]/" done in 55.55 μs
[19:09:40] [main/TRACE] [REI] [REIServerPlugin START] Reloading Section: "pre-register/DefaultRuntimePlugin of DefaultRuntimePlugin [roughlyenoughitems]/"
[19:09:40] [main/TRACE] [REI] [REIServerPlugin START] Reloading Section: "pre-register/DefaultRuntimePlugin of DefaultRuntimePlugin [roughlyenoughitems]/" done in 58.59 μs
[19:09:40] [main/TRACE] [REI] [REIServerPlugin START] Reloading Section: "pre-register/" done in 541.9 μs
[19:09:40] [main/TRACE] [REI] [REIServerPlugin START] Reloading Section: "pre-stage/"
[19:09:40] [main/TRACE] [REI] [REIServerPlugin START] Reloading Section: "pre-stage/MenuInfoRegistryImpl/"
[19:09:40] [main/TRACE] [REI] [REIServerPlugin START] Reloading Section: "pre-stage/MenuInfoRegistryImpl/" done in 62.02 μs
[19:09:40] [main/TRACE] [REI] [REIServerPlugin START] Reloading Section: "pre-stage/SlotAccessorRegistryImpl/"
[19:09:40] [main/TRACE] [REI] [REIServerPlugin START] Reloading Section: "pre-stage/SlotAccessorRegistryImpl/" done in 67.27 μs
[19:09:40] [main/TRACE] [REI] [REIServerPlugin START] Reloading Section: "pre-stage/" done in 611.9 μs
[19:09:40] [main/DEBUG] [REI] ========================================
[19:09:40] [main/DEBUG] [REI] REIServerPlugin finished pre-reload for START in 1.372 ms.
[19:09:40] [main/DEBUG] [REI] ========================================
[19:09:40] [main/INFO] [REI] OOOOOOOOOOOOOOOOOOOOOOOOOOOOOOOOOOOOOOOO
[19:09:40] [main/INFO] [REI] REIPlugin starting main-reload for START.
[19:09:40] [main/DEBUG] [REI] Reloadables (7):
[19:09:40] [main/DEBUG] [REI]  - EntryTypeRegistryImpl
[19:09:40] [main/DEBUG] [REI]  - EntrySettingsAdapterRegistryImpl
[19:09:40] [main/DEBUG] [REI]  - RecipeManagerContextImpl
[19:09:40] [main/DEBUG] [REI]  - ItemComparatorRegistryImpl
[19:09:40] [main/DEBUG] [REI]  - FluidComparatorRegistryImpl
[19:09:40] [main/DEBUG] [REI]  - DisplaySerializerRegistryImpl
[19:09:40] [main/DEBUG] [REI]  - FluidSupportProviderImpl
[19:09:40] [main/INFO] [REI] Plugins (2):
[19:09:40] [main/INFO] [REI]  - (-100.00) DefaultPluginImpl of DefaultPluginImpl [roughlyenoughitems]
[19:09:40] [main/INFO] [REI]  - (0.00) DefaultRuntimePlugin of DefaultRuntimePlugin [roughlyenoughitems]
[19:09:40] [main/INFO] [REI] OOOOOOOOOOOOOOOOOOOOOOOOOOOOOOOOOOOOOOOO
[19:09:40] [main/TRACE] [REI] [REIPlugin START] Reloading Section: "start-reload/"
[19:09:40] [main/TRACE] [REI] [REIPlugin START] Reloading Section: "start-reload/EntryTypeRegistryImpl/"
[19:09:40] [main/TRACE] [REI] [REIPlugin START] Reloading Section: "start-reload/EntryTypeRegistryImpl/" done in 129.8 μs
[19:09:40] [main/TRACE] [REI] [REIPlugin START] Reloading Section: "start-reload/EntrySettingsAdapterRegistryImpl/"
[19:09:40] [main/TRACE] [REI] [REIPlugin START] Reloading Section: "start-reload/EntrySettingsAdapterRegistryImpl/" done in 60.21 μs
[19:09:40] [main/TRACE] [REI] [REIPlugin START] Reloading Section: "start-reload/RecipeManagerContextImpl/"
[19:09:40] [main/TRACE] [REI] [REIPlugin START] Reloading Section: "start-reload/RecipeManagerContextImpl/" done in 73.86 μs
[19:09:40] [main/TRACE] [REI] [REIPlugin START] Reloading Section: "start-reload/ItemComparatorRegistryImpl/"
[19:09:40] [main/TRACE] [REI] [REIPlugin START] Reloading Section: "start-reload/ItemComparatorRegistryImpl/" done in 84.17 μs
[19:09:40] [main/TRACE] [REI] [REIPlugin START] Reloading Section: "start-reload/FluidComparatorRegistryImpl/"
[19:09:40] [main/TRACE] [REI] [REIPlugin START] Reloading Section: "start-reload/FluidComparatorRegistryImpl/" done in 63.70 μs
[19:09:40] [main/TRACE] [REI] [REIPlugin START] Reloading Section: "start-reload/DisplaySerializerRegistryImpl/"
[19:09:40] [main/TRACE] [REI] [REIPlugin START] Reloading Section: "start-reload/DisplaySerializerRegistryImpl/" done in 68.39 μs
[19:09:40] [main/TRACE] [REI] [REIPlugin START] Reloading Section: "start-reload/FluidSupportProviderImpl/"
[19:09:40] [main/TRACE] [REI] [REIPlugin START] Reloading Section: "start-reload/FluidSupportProviderImpl/" done in 75.64 μs
[19:09:40] [main/TRACE] [REI] [REIPlugin START] Reloading Section: "start-reload/" done in 1.933 ms
[19:09:40] [main/DEBUG] [REI] ========================================
[19:09:40] [main/DEBUG] [REI] REIPlugin started main-reload for START.
[19:09:40] [main/DEBUG] [REI] ========================================
[19:09:40] [main/TRACE] [REI] [REIPlugin START] Reloading Section: "reloadable-plugin/EntryTypeRegistryImpl/"
[19:09:40] [main/TRACE] [REI] [REIPlugin START] Reloading Section: "reloadable-plugin/EntryTypeRegistryImpl/DefaultPluginImpl of DefaultPluginImpl [roughlyenoughitems]/"
[19:09:40] [main/TRACE] [REI] [REIPlugin START] Reloading Section: "reloadable-plugin/EntryTypeRegistryImpl/DefaultPluginImpl of DefaultPluginImpl [roughlyenoughitems]/" done in 314.0 μs
[19:09:40] [main/TRACE] [REI] [REIPlugin START] Reloading Section: "reloadable-plugin/EntryTypeRegistryImpl/DefaultRuntimePlugin of DefaultRuntimePlugin [roughlyenoughitems]/"
[19:09:40] [main/TRACE] [REI] [REIPlugin START] Reloading Section: "reloadable-plugin/EntryTypeRegistryImpl/DefaultRuntimePlugin of DefaultRuntimePlugin [roughlyenoughitems]/" done in 10.18 ms
[19:09:40] [main/TRACE] [REI] [REIPlugin START] Reloading Section: "reloadable-plugin/EntryTypeRegistryImpl/" done in 12.02 ms
[19:09:40] [main/TRACE] [REI] [REIPlugin START] Reloading Section: "reloadable-plugin/EntrySettingsAdapterRegistryImpl/"
[19:09:40] [main/TRACE] [REI] [REIPlugin START] Reloading Section: "reloadable-plugin/EntrySettingsAdapterRegistryImpl/DefaultPluginImpl of DefaultPluginImpl [roughlyenoughitems]/"
[19:09:40] [main/TRACE] [REI] [REIPlugin START] Reloading Section: "reloadable-plugin/EntrySettingsAdapterRegistryImpl/DefaultPluginImpl of DefaultPluginImpl [roughlyenoughitems]/" done in 423.3 μs
[19:09:40] [main/TRACE] [REI] [REIPlugin START] Reloading Section: "reloadable-plugin/EntrySettingsAdapterRegistryImpl/DefaultRuntimePlugin of DefaultRuntimePlugin [roughlyenoughitems]/"
[19:09:40] [main/TRACE] [REI] [REIPlugin START] Reloading Section: "reloadable-plugin/EntrySettingsAdapterRegistryImpl/DefaultRuntimePlugin of DefaultRuntimePlugin [roughlyenoughitems]/" done in 80.70 μs
[19:09:40] [main/TRACE] [REI] [REIPlugin START] Reloading Section: "reloadable-plugin/EntrySettingsAdapterRegistryImpl/" done in 1.305 ms
[19:09:40] [main/TRACE] [REI] [REIPlugin START] Reloading Section: "reloadable-plugin/RecipeManagerContextImpl/"
[19:09:40] [main/TRACE] [REI] [REIPlugin START] Reloading Section: "reloadable-plugin/RecipeManagerContextImpl/DefaultPluginImpl of DefaultPluginImpl [roughlyenoughitems]/"
[19:09:40] [main/TRACE] [REI] [REIPlugin START] Reloading Section: "reloadable-plugin/RecipeManagerContextImpl/DefaultPluginImpl of DefaultPluginImpl [roughlyenoughitems]/" done in 77.16 μs
[19:09:40] [main/TRACE] [REI] [REIPlugin START] Reloading Section: "reloadable-plugin/RecipeManagerContextImpl/DefaultRuntimePlugin of DefaultRuntimePlugin [roughlyenoughitems]/"
[19:09:40] [main/TRACE] [REI] [REIPlugin START] Reloading Section: "reloadable-plugin/RecipeManagerContextImpl/DefaultRuntimePlugin of DefaultRuntimePlugin [roughlyenoughitems]/" done in 75.59 μs
[19:09:40] [main/TRACE] [REI] [REIPlugin START] Reloading Section: "reloadable-plugin/RecipeManagerContextImpl/" done in 511.3 μs
[19:09:40] [main/TRACE] [REI] [REIPlugin START] Reloading Section: "reloadable-plugin/ItemComparatorRegistryImpl/"
[19:09:40] [main/TRACE] [REI] [REIPlugin START] Reloading Section: "reloadable-plugin/ItemComparatorRegistryImpl/DefaultPluginImpl of DefaultPluginImpl [roughlyenoughitems]/"
[19:09:40] [main/TRACE] [REI] [REIPlugin START] Reloading Section: "reloadable-plugin/ItemComparatorRegistryImpl/DefaultPluginImpl of DefaultPluginImpl [roughlyenoughitems]/" done in 1.205 ms
[19:09:40] [main/TRACE] [REI] [REIPlugin START] Reloading Section: "reloadable-plugin/ItemComparatorRegistryImpl/DefaultRuntimePlugin of DefaultRuntimePlugin [roughlyenoughitems]/"
[19:09:40] [main/TRACE] [REI] [REIPlugin START] Reloading Section: "reloadable-plugin/ItemComparatorRegistryImpl/DefaultRuntimePlugin of DefaultRuntimePlugin [roughlyenoughitems]/" done in 64.89 μs
[19:09:40] [main/TRACE] [REI] [REIPlugin START] Reloading Section: "reloadable-plugin/ItemComparatorRegistryImpl/" done in 1.574 ms
[19:09:40] [main/TRACE] [REI] [REIPlugin START] Reloading Section: "reloadable-plugin/FluidComparatorRegistryImpl/"
[19:09:40] [main/TRACE] [REI] [REIPlugin START] Reloading Section: "reloadable-plugin/FluidComparatorRegistryImpl/DefaultPluginImpl of DefaultPluginImpl [roughlyenoughitems]/"
[19:09:40] [main/TRACE] [REI] [REIPlugin START] Reloading Section: "reloadable-plugin/FluidComparatorRegistryImpl/DefaultPluginImpl of DefaultPluginImpl [roughlyenoughitems]/" done in 82.01 μs
[19:09:40] [main/TRACE] [REI] [REIPlugin START] Reloading Section: "reloadable-plugin/FluidComparatorRegistryImpl/DefaultRuntimePlugin of DefaultRuntimePlugin [roughlyenoughitems]/"
[19:09:40] [main/TRACE] [REI] [REIPlugin START] Reloading Section: "reloadable-plugin/FluidComparatorRegistryImpl/DefaultRuntimePlugin of DefaultRuntimePlugin [roughlyenoughitems]/" done in 62.17 μs
[19:09:40] [main/TRACE] [REI] [REIPlugin START] Reloading Section: "reloadable-plugin/FluidComparatorRegistryImpl/" done in 422.6 μs
[19:09:40] [main/TRACE] [REI] [REIPlugin START] Reloading Section: "reloadable-plugin/DisplaySerializerRegistryImpl/"
[19:09:40] [main/TRACE] [REI] [REIPlugin START] Reloading Section: "reloadable-plugin/DisplaySerializerRegistryImpl/DefaultPluginImpl of DefaultPluginImpl [roughlyenoughitems]/"
[19:09:40] [main/TRACE] [REI] [REIPlugin START] Reloading Section: "reloadable-plugin/DisplaySerializerRegistryImpl/DefaultPluginImpl of DefaultPluginImpl [roughlyenoughitems]/" done in 57.44 μs
[19:09:40] [main/TRACE] [REI] [REIPlugin START] Reloading Section: "reloadable-plugin/DisplaySerializerRegistryImpl/DefaultRuntimePlugin of DefaultRuntimePlugin [roughlyenoughitems]/"
[19:09:40] [main/TRACE] [REI] [REIPlugin START] Reloading Section: "reloadable-plugin/DisplaySerializerRegistryImpl/DefaultRuntimePlugin of DefaultRuntimePlugin [roughlyenoughitems]/" done in 62.31 μs
[19:09:40] [main/TRACE] [REI] [REIPlugin START] Reloading Section: "reloadable-plugin/DisplaySerializerRegistryImpl/" done in 386.5 μs
[19:09:40] [main/TRACE] [REI] [REIPlugin START] Reloading Section: "reloadable-plugin/FluidSupportProviderImpl/"
[19:09:40] [main/TRACE] [REI] [REIPlugin START] Reloading Section: "reloadable-plugin/FluidSupportProviderImpl/DefaultPluginImpl of DefaultPluginImpl [roughlyenoughitems]/"
[19:09:40] [main/TRACE] [REI] [REIPlugin START] Reloading Section: "reloadable-plugin/FluidSupportProviderImpl/DefaultPluginImpl of DefaultPluginImpl [roughlyenoughitems]/" done in 607.8 μs
[19:09:40] [main/TRACE] [REI] [REIPlugin START] Reloading Section: "reloadable-plugin/FluidSupportProviderImpl/DefaultRuntimePlugin of DefaultRuntimePlugin [roughlyenoughitems]/"
[19:09:40] [main/TRACE] [REI] [REIPlugin START] Reloading Section: "reloadable-plugin/FluidSupportProviderImpl/DefaultRuntimePlugin of DefaultRuntimePlugin [roughlyenoughitems]/" done in 50.89 μs
[19:09:40] [main/TRACE] [REI] [REIPlugin START] Reloading Section: "reloadable-plugin/FluidSupportProviderImpl/" done in 950.6 μs
[19:09:40] [main/DEBUG] [REI] ========================================
[19:09:40] [main/DEBUG] [REI] REIPlugin ending main-reload for START.
[19:09:40] [main/DEBUG] [REI] ========================================
[19:09:40] [main/TRACE] [REI] [REIPlugin START] Reloading Section: "end-reload/"
[19:09:40] [main/TRACE] [REI] [REIPlugin START] Reloading Section: "end-reload/EntryTypeRegistryImpl/"
[19:09:40] [main/TRACE] [REI] [REIPlugin START] Reloading Section: "end-reload/EntryTypeRegistryImpl/" done in 53.09 μs
[19:09:40] [main/TRACE] [REI] [REIPlugin START] Reloading Section: "end-reload/EntrySettingsAdapterRegistryImpl/"
[19:09:40] [main/TRACE] [REI] [REIPlugin START] Reloading Section: "end-reload/EntrySettingsAdapterRegistryImpl/" done in 40.28 μs
[19:09:40] [main/TRACE] [REI] [REIPlugin START] Reloading Section: "end-reload/RecipeManagerContextImpl/"
[19:09:40] [main/TRACE] [REI] [REIPlugin START] Reloading Section: "end-reload/RecipeManagerContextImpl/" done in 35.41 μs
[19:09:40] [main/TRACE] [REI] [REIPlugin START] Reloading Section: "end-reload/ItemComparatorRegistryImpl/"
[19:09:40] [main/TRACE] [REI] [REIPlugin START] Reloading Section: "end-reload/ItemComparatorRegistryImpl/" done in 35.07 μs
[19:09:40] [main/TRACE] [REI] [REIPlugin START] Reloading Section: "end-reload/FluidComparatorRegistryImpl/"
[19:09:40] [main/TRACE] [REI] [REIPlugin START] Reloading Section: "end-reload/FluidComparatorRegistryImpl/" done in 37.73 μs
[19:09:40] [main/TRACE] [REI] [REIPlugin START] Reloading Section: "end-reload/DisplaySerializerRegistryImpl/"
[19:09:40] [main/TRACE] [REI] [REIPlugin START] Reloading Section: "end-reload/DisplaySerializerRegistryImpl/" done in 49.27 μs
[19:09:40] [main/TRACE] [REI] [REIPlugin START] Reloading Section: "end-reload/FluidSupportProviderImpl/"
[19:09:40] [main/TRACE] [REI] [REIPlugin START] Reloading Section: "end-reload/FluidSupportProviderImpl/" done in 57.64 μs
[19:09:40] [main/TRACE] [REI] [REIPlugin START] Reloading Section: "end-reload/" done in 998.9 μs
[19:09:40] [main/DEBUG] [REI] ========================================
[19:09:40] [main/DEBUG] [REI] REIPlugin ended main-reload for START in 25.09 ms.
[19:09:40] [main/DEBUG] [REI] ========================================
[19:09:40] [main/INFO] [REI] ~~~~~~~~~~~~~~~~~~~~~~~~~~~~~~~~~~~~~~~~
[19:09:40] [main/INFO] [REI] REIServerPlugin starting main-reload for START.
[19:09:40] [main/DEBUG] [REI] Reloadables (2):
[19:09:40] [main/DEBUG] [REI]  - MenuInfoRegistryImpl
[19:09:40] [main/DEBUG] [REI]  - SlotAccessorRegistryImpl
[19:09:40] [main/INFO] [REI] Plugins (2):
[19:09:40] [main/INFO] [REI]  - (-100.00) DefaultPluginImpl of DefaultPluginImpl [roughlyenoughitems]
[19:09:40] [main/INFO] [REI]  - (0.00) DefaultRuntimePlugin of DefaultRuntimePlugin [roughlyenoughitems]
[19:09:40] [main/INFO] [REI] ~~~~~~~~~~~~~~~~~~~~~~~~~~~~~~~~~~~~~~~~
[19:09:40] [main/TRACE] [REI] [REIServerPlugin START] Reloading Section: "start-reload/"
[19:09:40] [main/TRACE] [REI] [REIServerPlugin START] Reloading Section: "start-reload/MenuInfoRegistryImpl/"
[19:09:40] [main/TRACE] [REI] [REIServerPlugin START] Reloading Section: "start-reload/MenuInfoRegistryImpl/" done in 80.17 μs
[19:09:40] [main/TRACE] [REI] [REIServerPlugin START] Reloading Section: "start-reload/SlotAccessorRegistryImpl/"
[19:09:40] [main/TRACE] [REI] [REIServerPlugin START] Reloading Section: "start-reload/SlotAccessorRegistryImpl/" done in 60.38 μs
[19:09:40] [main/TRACE] [REI] [REIServerPlugin START] Reloading Section: "start-reload/" done in 437.6 μs
[19:09:40] [main/DEBUG] [REI] ========================================
[19:09:40] [main/DEBUG] [REI] REIServerPlugin started main-reload for START.
[19:09:40] [main/DEBUG] [REI] ========================================
[19:09:40] [main/TRACE] [REI] [REIServerPlugin START] Reloading Section: "reloadable-plugin/MenuInfoRegistryImpl/"
[19:09:40] [main/TRACE] [REI] [REIServerPlugin START] Reloading Section: "reloadable-plugin/MenuInfoRegistryImpl/DefaultPluginImpl of DefaultPluginImpl [roughlyenoughitems]/"
[19:09:40] [main/TRACE] [REI] [REIServerPlugin START] Reloading Section: "reloadable-plugin/MenuInfoRegistryImpl/DefaultPluginImpl of DefaultPluginImpl [roughlyenoughitems]/" done in 73.19 μs
[19:09:40] [main/TRACE] [REI] [REIServerPlugin START] Reloading Section: "reloadable-plugin/MenuInfoRegistryImpl/DefaultRuntimePlugin of DefaultRuntimePlugin [roughlyenoughitems]/"
[19:09:40] [main/TRACE] [REI] [REIServerPlugin START] Reloading Section: "reloadable-plugin/MenuInfoRegistryImpl/DefaultRuntimePlugin of DefaultRuntimePlugin [roughlyenoughitems]/" done in 67.60 μs
[19:09:40] [main/TRACE] [REI] [REIServerPlugin START] Reloading Section: "reloadable-plugin/MenuInfoRegistryImpl/" done in 453.5 μs
[19:09:40] [main/TRACE] [REI] [REIServerPlugin START] Reloading Section: "reloadable-plugin/SlotAccessorRegistryImpl/"
[19:09:40] [main/TRACE] [REI] [REIServerPlugin START] Reloading Section: "reloadable-plugin/SlotAccessorRegistryImpl/DefaultPluginImpl of DefaultPluginImpl [roughlyenoughitems]/"
[19:09:40] [main/TRACE] [REI] [REIServerPlugin START] Reloading Section: "reloadable-plugin/SlotAccessorRegistryImpl/DefaultPluginImpl of DefaultPluginImpl [roughlyenoughitems]/" done in 67.10 μs
[19:09:40] [main/TRACE] [REI] [REIServerPlugin START] Reloading Section: "reloadable-plugin/SlotAccessorRegistryImpl/DefaultRuntimePlugin of DefaultRuntimePlugin [roughlyenoughitems]/"
[19:09:40] [main/TRACE] [REI] [REIServerPlugin START] Reloading Section: "reloadable-plugin/SlotAccessorRegistryImpl/DefaultRuntimePlugin of DefaultRuntimePlugin [roughlyenoughitems]/" done in 51.84 μs
[19:09:40] [main/TRACE] [REI] [REIServerPlugin START] Reloading Section: "reloadable-plugin/SlotAccessorRegistryImpl/" done in 403.4 μs
[19:09:40] [main/DEBUG] [REI] ========================================
[19:09:40] [main/DEBUG] [REI] REIServerPlugin ending main-reload for START.
[19:09:40] [main/DEBUG] [REI] ========================================
[19:09:40] [main/TRACE] [REI] [REIServerPlugin START] Reloading Section: "end-reload/"
[19:09:40] [main/TRACE] [REI] [REIServerPlugin START] Reloading Section: "end-reload/MenuInfoRegistryImpl/"
[19:09:40] [main/TRACE] [REI] [REIServerPlugin START] Reloading Section: "end-reload/MenuInfoRegistryImpl/" done in 50.79 μs
[19:09:40] [main/TRACE] [REI] [REIServerPlugin START] Reloading Section: "end-reload/SlotAccessorRegistryImpl/"
[19:09:40] [main/TRACE] [REI] [REIServerPlugin START] Reloading Section: "end-reload/SlotAccessorRegistryImpl/" done in 40.67 μs
[19:09:40] [main/TRACE] [REI] [REIServerPlugin START] Reloading Section: "end-reload/" done in 365.5 μs
[19:09:40] [main/DEBUG] [REI] ========================================
[19:09:40] [main/DEBUG] [REI] REIServerPlugin ended main-reload for START in 3.975 ms.
[19:09:40] [main/DEBUG] [REI] ========================================
[19:09:40] [main/DEBUG] [REI] ========================================
[19:09:40] [main/DEBUG] [REI] REIPlugin starting post-reload for START.
[19:09:40] [main/DEBUG] [REI] Reloadables (7):
[19:09:40] [main/DEBUG] [REI]  - EntryTypeRegistryImpl
[19:09:40] [main/DEBUG] [REI]  - EntrySettingsAdapterRegistryImpl
[19:09:40] [main/DEBUG] [REI]  - RecipeManagerContextImpl
[19:09:40] [main/DEBUG] [REI]  - ItemComparatorRegistryImpl
[19:09:40] [main/DEBUG] [REI]  - FluidComparatorRegistryImpl
[19:09:40] [main/DEBUG] [REI]  - DisplaySerializerRegistryImpl
[19:09:40] [main/DEBUG] [REI]  - FluidSupportProviderImpl
[19:09:40] [main/DEBUG] [REI] Plugins (2):
[19:09:40] [main/DEBUG] [REI]  - (-100.00) DefaultPluginImpl of DefaultPluginImpl [roughlyenoughitems]
[19:09:40] [main/DEBUG] [REI]  - (0.00) DefaultRuntimePlugin of DefaultRuntimePlugin [roughlyenoughitems]
[19:09:40] [main/DEBUG] [REI] ========================================
[19:09:40] [main/TRACE] [REI] [REIPlugin START] Reloading Section: "post-register/"
[19:09:40] [main/TRACE] [REI] [REIPlugin START] Reloading Section: "post-register/DefaultPluginImpl of DefaultPluginImpl [roughlyenoughitems]/"
[19:09:40] [main/TRACE] [REI] [REIPlugin START] Reloading Section: "post-register/DefaultPluginImpl of DefaultPluginImpl [roughlyenoughitems]/" done in 249.9 μs
[19:09:40] [main/TRACE] [REI] [REIPlugin START] Reloading Section: "post-register/DefaultRuntimePlugin of DefaultRuntimePlugin [roughlyenoughitems]/"
[19:09:40] [main/TRACE] [REI] [REIPlugin START] Reloading Section: "post-register/DefaultRuntimePlugin of DefaultRuntimePlugin [roughlyenoughitems]/" done in 66.01 μs
[19:09:40] [main/TRACE] [REI] [REIPlugin START] Reloading Section: "post-register/" done in 828.4 μs
[19:09:40] [main/TRACE] [REI] [REIPlugin START] Reloading Section: "post-stage/"
[19:09:40] [main/TRACE] [REI] [REIPlugin START] Reloading Section: "post-stage/EntryTypeRegistryImpl/"
[19:09:40] [main/TRACE] [REI] [REIPlugin START] Reloading Section: "post-stage/EntryTypeRegistryImpl/" done in 67.60 μs
[19:09:40] [main/TRACE] [REI] [REIPlugin START] Reloading Section: "post-stage/EntrySettingsAdapterRegistryImpl/"
[19:09:40] [main/TRACE] [REI] [REIPlugin START] Reloading Section: "post-stage/EntrySettingsAdapterRegistryImpl/" done in 344.0 μs
[19:09:40] [main/TRACE] [REI] [REIPlugin START] Reloading Section: "post-stage/RecipeManagerContextImpl/"
[19:09:40] [main/TRACE] [REI] [REIPlugin START] Reloading Section: "post-stage/RecipeManagerContextImpl/" done in 47.83 μs
[19:09:40] [main/TRACE] [REI] [REIPlugin START] Reloading Section: "post-stage/ItemComparatorRegistryImpl/"
[19:09:40] [main/TRACE] [REI] [REIPlugin START] Reloading Section: "post-stage/ItemComparatorRegistryImpl/" done in 65.15 μs
[19:09:40] [main/TRACE] [REI] [REIPlugin START] Reloading Section: "post-stage/FluidComparatorRegistryImpl/"
[19:09:40] [main/TRACE] [REI] [REIPlugin START] Reloading Section: "post-stage/FluidComparatorRegistryImpl/" done in 52.92 μs
[19:09:40] [main/TRACE] [REI] [REIPlugin START] Reloading Section: "post-stage/DisplaySerializerRegistryImpl/"
[19:09:40] [main/TRACE] [REI] [REIPlugin START] Reloading Section: "post-stage/DisplaySerializerRegistryImpl/" done in 45.66 μs
[19:09:40] [main/TRACE] [REI] [REIPlugin START] Reloading Section: "post-stage/FluidSupportProviderImpl/"
[19:09:40] [main/TRACE] [REI] [REIPlugin START] Reloading Section: "post-stage/FluidSupportProviderImpl/" done in 46.75 μs
[19:09:40] [main/TRACE] [REI] [REIPlugin START] Reloading Section: "post-stage/" done in 1.537 ms
[19:09:40] [main/DEBUG] [REI] ========================================
[19:09:40] [main/INFO] [REI] REIPlugin finished post-reload for START in 2.580 ms, totaling 39.94 ms.
[19:09:40] [main/DEBUG] [REI] ========================================
[19:09:40] [main/DEBUG] [REI] ========================================
[19:09:40] [main/DEBUG] [REI] REIServerPlugin starting post-reload for START.
[19:09:40] [main/DEBUG] [REI] Reloadables (2):
[19:09:40] [main/DEBUG] [REI]  - MenuInfoRegistryImpl
[19:09:40] [main/DEBUG] [REI]  - SlotAccessorRegistryImpl
[19:09:40] [main/DEBUG] [REI] Plugins (2):
[19:09:40] [main/DEBUG] [REI]  - (-100.00) DefaultPluginImpl of DefaultPluginImpl [roughlyenoughitems]
[19:09:40] [main/DEBUG] [REI]  - (0.00) DefaultRuntimePlugin of DefaultRuntimePlugin [roughlyenoughitems]
[19:09:40] [main/DEBUG] [REI] ========================================
[19:09:40] [main/TRACE] [REI] [REIServerPlugin START] Reloading Section: "post-register/"
[19:09:40] [main/TRACE] [REI] [REIServerPlugin START] Reloading Section: "post-register/DefaultPluginImpl of DefaultPluginImpl [roughlyenoughitems]/"
[19:09:40] [main/TRACE] [REI] [REIServerPlugin START] Reloading Section: "post-register/DefaultPluginImpl of DefaultPluginImpl [roughlyenoughitems]/" done in 61.02 μs
[19:09:40] [main/TRACE] [REI] [REIServerPlugin START] Reloading Section: "post-register/DefaultRuntimePlugin of DefaultRuntimePlugin [roughlyenoughitems]/"
[19:09:40] [main/TRACE] [REI] [REIServerPlugin START] Reloading Section: "post-register/DefaultRuntimePlugin of DefaultRuntimePlugin [roughlyenoughitems]/" done in 56.27 μs
[19:09:40] [main/TRACE] [REI] [REIServerPlugin START] Reloading Section: "post-register/" done in 389.4 μs
[19:09:40] [main/TRACE] [REI] [REIServerPlugin START] Reloading Section: "post-stage/"
[19:09:40] [main/TRACE] [REI] [REIServerPlugin START] Reloading Section: "post-stage/MenuInfoRegistryImpl/"
[19:09:40] [main/TRACE] [REI] [REIServerPlugin START] Reloading Section: "post-stage/MenuInfoRegistryImpl/" done in 52.09 μs
[19:09:40] [main/TRACE] [REI] [REIServerPlugin START] Reloading Section: "post-stage/SlotAccessorRegistryImpl/"
[19:09:40] [main/TRACE] [REI] [REIServerPlugin START] Reloading Section: "post-stage/SlotAccessorRegistryImpl/" done in 53.00 μs
[19:09:40] [main/TRACE] [REI] [REIServerPlugin START] Reloading Section: "post-stage/" done in 388.0 μs
[19:09:40] [main/DEBUG] [REI] ========================================
[19:09:40] [main/INFO] [REI] REIServerPlugin finished post-reload for START in 963.4 μs, totaling 6.212 ms.
[19:09:40] [main/DEBUG] [REI] ========================================
[19:09:40] [main/DEBUG] [REI] ========================================
[19:09:40] [main/DEBUG] [REI] REIPlugin starting pre-reload for END.
[19:09:40] [main/DEBUG] [REI] Reloadables (7):
[19:09:40] [main/DEBUG] [REI]  - EntryTypeRegistryImpl
[19:09:40] [main/DEBUG] [REI]  - EntrySettingsAdapterRegistryImpl
[19:09:40] [main/DEBUG] [REI]  - RecipeManagerContextImpl
[19:09:40] [main/DEBUG] [REI]  - ItemComparatorRegistryImpl
[19:09:40] [main/DEBUG] [REI]  - FluidComparatorRegistryImpl
[19:09:40] [main/DEBUG] [REI]  - DisplaySerializerRegistryImpl
[19:09:40] [main/DEBUG] [REI]  - FluidSupportProviderImpl
[19:09:40] [main/DEBUG] [REI] Plugins (2):
[19:09:40] [main/DEBUG] [REI]  - (-100.00) DefaultPluginImpl of DefaultPluginImpl [roughlyenoughitems]
[19:09:40] [main/DEBUG] [REI]  - (0.00) DefaultRuntimePlugin of DefaultRuntimePlugin [roughlyenoughitems]
[19:09:40] [main/DEBUG] [REI] ========================================
[19:09:40] [main/TRACE] [REI] [REIPlugin END] Reloading Section: "pre-register/"
[19:09:40] [main/TRACE] [REI] [REIPlugin END] Reloading Section: "pre-register/DefaultPluginImpl of DefaultPluginImpl [roughlyenoughitems]/"
[19:09:40] [main/TRACE] [REI] [REIPlugin END] Reloading Section: "pre-register/DefaultPluginImpl of DefaultPluginImpl [roughlyenoughitems]/" done in 46.43 μs
[19:09:40] [main/TRACE] [REI] [REIPlugin END] Reloading Section: "pre-register/DefaultRuntimePlugin of DefaultRuntimePlugin [roughlyenoughitems]/"
[19:09:40] [main/TRACE] [REI] [REIPlugin END] Reloading Section: "pre-register/DefaultRuntimePlugin of DefaultRuntimePlugin [roughlyenoughitems]/" done in 48.88 μs
[19:09:40] [main/TRACE] [REI] [REIPlugin END] Reloading Section: "pre-register/" done in 375.9 μs
[19:09:40] [main/TRACE] [REI] [REIPlugin END] Reloading Section: "pre-stage/"
[19:09:40] [main/TRACE] [REI] [REIPlugin END] Reloading Section: "pre-stage/EntryTypeRegistryImpl/"
[19:09:40] [main/TRACE] [REI] [REIPlugin END] Reloading Section: "pre-stage/EntryTypeRegistryImpl/" done in 43.23 μs
[19:09:40] [main/TRACE] [REI] [REIPlugin END] Reloading Section: "pre-stage/EntrySettingsAdapterRegistryImpl/"
[19:09:40] [main/TRACE] [REI] [REIPlugin END] Reloading Section: "pre-stage/EntrySettingsAdapterRegistryImpl/" done in 76.69 μs
[19:09:40] [main/TRACE] [REI] [REIPlugin END] Reloading Section: "pre-stage/RecipeManagerContextImpl/"
[19:09:40] [main/TRACE] [REI] [REIPlugin END] Reloading Section: "pre-stage/RecipeManagerContextImpl/" done in 48.00 μs
[19:09:40] [main/TRACE] [REI] [REIPlugin END] Reloading Section: "pre-stage/ItemComparatorRegistryImpl/"
[19:09:40] [main/TRACE] [REI] [REIPlugin END] Reloading Section: "pre-stage/ItemComparatorRegistryImpl/" done in 44.79 μs
[19:09:40] [main/TRACE] [REI] [REIPlugin END] Reloading Section: "pre-stage/FluidComparatorRegistryImpl/"
[19:09:40] [main/TRACE] [REI] [REIPlugin END] Reloading Section: "pre-stage/FluidComparatorRegistryImpl/" done in 51.61 μs
[19:09:40] [main/TRACE] [REI] [REIPlugin END] Reloading Section: "pre-stage/DisplaySerializerRegistryImpl/"
[19:09:40] [main/TRACE] [REI] [REIPlugin END] Reloading Section: "pre-stage/DisplaySerializerRegistryImpl/" done in 47.88 μs
[19:09:40] [main/TRACE] [REI] [REIPlugin END] Reloading Section: "pre-stage/FluidSupportProviderImpl/"
[19:09:40] [main/TRACE] [REI] [REIPlugin END] Reloading Section: "pre-stage/FluidSupportProviderImpl/" done in 42.88 μs
[19:09:40] [main/TRACE] [REI] [REIPlugin END] Reloading Section: "pre-stage/" done in 1.236 ms
[19:09:40] [main/DEBUG] [REI] ========================================
[19:09:40] [main/DEBUG] [REI] REIPlugin finished pre-reload for END in 1.788 ms.
[19:09:40] [main/DEBUG] [REI] ========================================
[19:09:40] [main/DEBUG] [REI] ========================================
[19:09:40] [main/DEBUG] [REI] REIServerPlugin starting pre-reload for END.
[19:09:40] [main/DEBUG] [REI] Reloadables (2):
[19:09:40] [main/DEBUG] [REI]  - MenuInfoRegistryImpl
[19:09:40] [main/DEBUG] [REI]  - SlotAccessorRegistryImpl
[19:09:40] [main/DEBUG] [REI] Plugins (2):
[19:09:40] [main/DEBUG] [REI]  - (-100.00) DefaultPluginImpl of DefaultPluginImpl [roughlyenoughitems]
[19:09:40] [main/DEBUG] [REI]  - (0.00) DefaultRuntimePlugin of DefaultRuntimePlugin [roughlyenoughitems]
[19:09:40] [main/DEBUG] [REI] ========================================
[19:09:40] [main/TRACE] [REI] [REIServerPlugin END] Reloading Section: "pre-register/"
[19:09:40] [main/TRACE] [REI] [REIServerPlugin END] Reloading Section: "pre-register/DefaultPluginImpl of DefaultPluginImpl [roughlyenoughitems]/"
[19:09:40] [main/TRACE] [REI] [REIServerPlugin END] Reloading Section: "pre-register/DefaultPluginImpl of DefaultPluginImpl [roughlyenoughitems]/" done in 63.25 μs
[19:09:40] [main/TRACE] [REI] [REIServerPlugin END] Reloading Section: "pre-register/DefaultRuntimePlugin of DefaultRuntimePlugin [roughlyenoughitems]/"
[19:09:40] [main/TRACE] [REI] [REIServerPlugin END] Reloading Section: "pre-register/DefaultRuntimePlugin of DefaultRuntimePlugin [roughlyenoughitems]/" done in 70.18 μs
[19:09:40] [main/TRACE] [REI] [REIServerPlugin END] Reloading Section: "pre-register/" done in 622.4 μs
[19:09:40] [main/TRACE] [REI] [REIServerPlugin END] Reloading Section: "pre-stage/"
[19:09:40] [main/TRACE] [REI] [REIServerPlugin END] Reloading Section: "pre-stage/MenuInfoRegistryImpl/"
[19:09:40] [main/TRACE] [REI] [REIServerPlugin END] Reloading Section: "pre-stage/MenuInfoRegistryImpl/" done in 59.10 μs
[19:09:40] [main/TRACE] [REI] [REIServerPlugin END] Reloading Section: "pre-stage/SlotAccessorRegistryImpl/"
[19:09:40] [main/TRACE] [REI] [REIServerPlugin END] Reloading Section: "pre-stage/SlotAccessorRegistryImpl/" done in 200.8 μs
[19:09:40] [main/TRACE] [REI] [REIServerPlugin END] Reloading Section: "pre-stage/" done in 798.9 μs
[19:09:40] [main/DEBUG] [REI] ========================================
[19:09:40] [main/DEBUG] [REI] REIServerPlugin finished pre-reload for END in 1.642 ms.
[19:09:40] [main/DEBUG] [REI] ========================================
[19:09:40] [main/INFO] [REI] OOOOOOOOOOOOOOOOOOOOOOOOOOOOOOOOOOOOOOOO
[19:09:40] [main/INFO] [REI] REIPlugin starting main-reload for END.
[19:09:40] [main/DEBUG] [REI] Reloadables (7):
[19:09:40] [main/DEBUG] [REI]  - EntryTypeRegistryImpl
[19:09:40] [main/DEBUG] [REI]  - EntrySettingsAdapterRegistryImpl
[19:09:40] [main/DEBUG] [REI]  - RecipeManagerContextImpl
[19:09:40] [main/DEBUG] [REI]  - ItemComparatorRegistryImpl
[19:09:40] [main/DEBUG] [REI]  - FluidComparatorRegistryImpl
[19:09:40] [main/DEBUG] [REI]  - DisplaySerializerRegistryImpl
[19:09:40] [main/DEBUG] [REI]  - FluidSupportProviderImpl
[19:09:40] [main/INFO] [REI] Plugins (2):
[19:09:40] [main/INFO] [REI]  - (-100.00) DefaultPluginImpl of DefaultPluginImpl [roughlyenoughitems]
[19:09:40] [main/INFO] [REI]  - (0.00) DefaultRuntimePlugin of DefaultRuntimePlugin [roughlyenoughitems]
[19:09:40] [main/INFO] [REI] OOOOOOOOOOOOOOOOOOOOOOOOOOOOOOOOOOOOOOOO
[19:09:40] [main/TRACE] [REI] [REIPlugin END] Reloading Section: "start-reload/"
[19:09:40] [main/TRACE] [REI] [REIPlugin END] Reloading Section: "start-reload/EntryTypeRegistryImpl/"
[19:09:40] [main/TRACE] [REI] [REIPlugin END] Reloading Section: "start-reload/EntryTypeRegistryImpl/" done in 46.27 μs
[19:09:40] [main/TRACE] [REI] [REIPlugin END] Reloading Section: "start-reload/EntrySettingsAdapterRegistryImpl/"
[19:09:40] [main/TRACE] [REI] [REIPlugin END] Reloading Section: "start-reload/EntrySettingsAdapterRegistryImpl/" done in 67.46 μs
[19:09:40] [main/TRACE] [REI] [REIPlugin END] Reloading Section: "start-reload/RecipeManagerContextImpl/"
[19:09:40] [main/TRACE] [REI] [REIPlugin END] Reloading Section: "start-reload/RecipeManagerContextImpl/" done in 81.13 μs
[19:09:40] [main/TRACE] [REI] [REIPlugin END] Reloading Section: "start-reload/ItemComparatorRegistryImpl/"
[19:09:40] [main/TRACE] [REI] [REIPlugin END] Reloading Section: "start-reload/ItemComparatorRegistryImpl/" done in 59.30 μs
[19:09:40] [main/TRACE] [REI] [REIPlugin END] Reloading Section: "start-reload/FluidComparatorRegistryImpl/"
[19:09:40] [main/TRACE] [REI] [REIPlugin END] Reloading Section: "start-reload/FluidComparatorRegistryImpl/" done in 81.68 μs
[19:09:40] [main/TRACE] [REI] [REIPlugin END] Reloading Section: "start-reload/DisplaySerializerRegistryImpl/"
[19:09:40] [main/TRACE] [REI] [REIPlugin END] Reloading Section: "start-reload/DisplaySerializerRegistryImpl/" done in 52.91 μs
[19:09:40] [main/TRACE] [REI] [REIPlugin END] Reloading Section: "start-reload/FluidSupportProviderImpl/"
[19:09:40] [main/TRACE] [REI] [REIPlugin END] Reloading Section: "start-reload/FluidSupportProviderImpl/" done in 45.59 μs
[19:09:40] [main/TRACE] [REI] [REIPlugin END] Reloading Section: "start-reload/" done in 3.212 ms
[19:09:40] [main/DEBUG] [REI] ========================================
[19:09:40] [main/DEBUG] [REI] REIPlugin started main-reload for END.
[19:09:40] [main/DEBUG] [REI] ========================================
[19:09:40] [main/TRACE] [REI] [REIPlugin END] Reloading Section: "reloadable-plugin/EntryTypeRegistryImpl/"
[19:09:40] [main/TRACE] [REI] [REIPlugin END] Reloading Section: "reloadable-plugin/EntryTypeRegistryImpl/DefaultPluginImpl of DefaultPluginImpl [roughlyenoughitems]/"
[19:09:40] [main/TRACE] [REI] [REIPlugin END] Reloading Section: "reloadable-plugin/EntryTypeRegistryImpl/DefaultPluginImpl of DefaultPluginImpl [roughlyenoughitems]/" done in 49.68 μs
[19:09:40] [main/TRACE] [REI] [REIPlugin END] Reloading Section: "reloadable-plugin/EntryTypeRegistryImpl/DefaultRuntimePlugin of DefaultRuntimePlugin [roughlyenoughitems]/"
[19:09:40] [main/TRACE] [REI] [REIPlugin END] Reloading Section: "reloadable-plugin/EntryTypeRegistryImpl/DefaultRuntimePlugin of DefaultRuntimePlugin [roughlyenoughitems]/" done in 46.92 μs
[19:09:40] [main/TRACE] [REI] [REIPlugin END] Reloading Section: "reloadable-plugin/EntryTypeRegistryImpl/" done in 334.6 μs
[19:09:40] [main/TRACE] [REI] [REIPlugin END] Reloading Section: "reloadable-plugin/EntrySettingsAdapterRegistryImpl/"
[19:09:40] [main/TRACE] [REI] [REIPlugin END] Reloading Section: "reloadable-plugin/EntrySettingsAdapterRegistryImpl/DefaultPluginImpl of DefaultPluginImpl [roughlyenoughitems]/"
[19:09:40] [main/TRACE] [REI] [REIPlugin END] Reloading Section: "reloadable-plugin/EntrySettingsAdapterRegistryImpl/DefaultPluginImpl of DefaultPluginImpl [roughlyenoughitems]/" done in 53.18 μs
[19:09:40] [main/TRACE] [REI] [REIPlugin END] Reloading Section: "reloadable-plugin/EntrySettingsAdapterRegistryImpl/DefaultRuntimePlugin of DefaultRuntimePlugin [roughlyenoughitems]/"
[19:09:40] [main/TRACE] [REI] [REIPlugin END] Reloading Section: "reloadable-plugin/EntrySettingsAdapterRegistryImpl/DefaultRuntimePlugin of DefaultRuntimePlugin [roughlyenoughitems]/" done in 53.00 μs
[19:09:40] [main/TRACE] [REI] [REIPlugin END] Reloading Section: "reloadable-plugin/EntrySettingsAdapterRegistryImpl/" done in 319.4 μs
[19:09:40] [main/TRACE] [REI] [REIPlugin END] Reloading Section: "reloadable-plugin/RecipeManagerContextImpl/"
[19:09:40] [main/TRACE] [REI] [REIPlugin END] Reloading Section: "reloadable-plugin/RecipeManagerContextImpl/DefaultPluginImpl of DefaultPluginImpl [roughlyenoughitems]/"
[19:09:40] [main/TRACE] [REI] [REIPlugin END] Reloading Section: "reloadable-plugin/RecipeManagerContextImpl/DefaultPluginImpl of DefaultPluginImpl [roughlyenoughitems]/" done in 45.67 μs
[19:09:40] [main/TRACE] [REI] [REIPlugin END] Reloading Section: "reloadable-plugin/RecipeManagerContextImpl/DefaultRuntimePlugin of DefaultRuntimePlugin [roughlyenoughitems]/"
[19:09:40] [main/TRACE] [REI] [REIPlugin END] Reloading Section: "reloadable-plugin/RecipeManagerContextImpl/DefaultRuntimePlugin of DefaultRuntimePlugin [roughlyenoughitems]/" done in 73.83 μs
[19:09:40] [main/TRACE] [REI] [REIPlugin END] Reloading Section: "reloadable-plugin/RecipeManagerContextImpl/" done in 350.8 μs
[19:09:40] [main/TRACE] [REI] [REIPlugin END] Reloading Section: "reloadable-plugin/ItemComparatorRegistryImpl/"
[19:09:40] [main/TRACE] [REI] [REIPlugin END] Reloading Section: "reloadable-plugin/ItemComparatorRegistryImpl/DefaultPluginImpl of DefaultPluginImpl [roughlyenoughitems]/"
[19:09:40] [main/TRACE] [REI] [REIPlugin END] Reloading Section: "reloadable-plugin/ItemComparatorRegistryImpl/DefaultPluginImpl of DefaultPluginImpl [roughlyenoughitems]/" done in 46.70 μs
[19:09:40] [main/TRACE] [REI] [REIPlugin END] Reloading Section: "reloadable-plugin/ItemComparatorRegistryImpl/DefaultRuntimePlugin of DefaultRuntimePlugin [roughlyenoughitems]/"
[19:09:40] [main/TRACE] [REI] [REIPlugin END] Reloading Section: "reloadable-plugin/ItemComparatorRegistryImpl/DefaultRuntimePlugin of DefaultRuntimePlugin [roughlyenoughitems]/" done in 47.11 μs
[19:09:40] [main/TRACE] [REI] [REIPlugin END] Reloading Section: "reloadable-plugin/ItemComparatorRegistryImpl/" done in 338.6 μs
[19:09:40] [main/TRACE] [REI] [REIPlugin END] Reloading Section: "reloadable-plugin/FluidComparatorRegistryImpl/"
[19:09:40] [main/TRACE] [REI] [REIPlugin END] Reloading Section: "reloadable-plugin/FluidComparatorRegistryImpl/DefaultPluginImpl of DefaultPluginImpl [roughlyenoughitems]/"
[19:09:40] [main/TRACE] [REI] [REIPlugin END] Reloading Section: "reloadable-plugin/FluidComparatorRegistryImpl/DefaultPluginImpl of DefaultPluginImpl [roughlyenoughitems]/" done in 45.98 μs
[19:09:40] [main/TRACE] [REI] [REIPlugin END] Reloading Section: "reloadable-plugin/FluidComparatorRegistryImpl/DefaultRuntimePlugin of DefaultRuntimePlugin [roughlyenoughitems]/"
[19:09:40] [main/TRACE] [REI] [REIPlugin END] Reloading Section: "reloadable-plugin/FluidComparatorRegistryImpl/DefaultRuntimePlugin of DefaultRuntimePlugin [roughlyenoughitems]/" done in 48.99 μs
[19:09:40] [main/TRACE] [REI] [REIPlugin END] Reloading Section: "reloadable-plugin/FluidComparatorRegistryImpl/" done in 462.2 μs
[19:09:40] [main/TRACE] [REI] [REIPlugin END] Reloading Section: "reloadable-plugin/DisplaySerializerRegistryImpl/"
[19:09:40] [main/TRACE] [REI] [REIPlugin END] Reloading Section: "reloadable-plugin/DisplaySerializerRegistryImpl/DefaultPluginImpl of DefaultPluginImpl [roughlyenoughitems]/"
[19:09:40] [main/TRACE] [REI] [REIPlugin END] Reloading Section: "reloadable-plugin/DisplaySerializerRegistryImpl/DefaultPluginImpl of DefaultPluginImpl [roughlyenoughitems]/" done in 25.72 ms
[19:09:40] [main/TRACE] [REI] [REIPlugin END] Reloading Section: "reloadable-plugin/DisplaySerializerRegistryImpl/DefaultRuntimePlugin of DefaultRuntimePlugin [roughlyenoughitems]/"
[19:09:40] [main/TRACE] [REI] [REIPlugin END] Reloading Section: "reloadable-plugin/DisplaySerializerRegistryImpl/DefaultRuntimePlugin of DefaultRuntimePlugin [roughlyenoughitems]/" done in 102.5 μs
[19:09:40] [main/TRACE] [REI] [REIPlugin END] Reloading Section: "reloadable-plugin/DisplaySerializerRegistryImpl/" done in 26.38 ms
[19:09:40] [main/TRACE] [REI] [REIPlugin END] Reloading Section: "reloadable-plugin/FluidSupportProviderImpl/"
[19:09:40] [main/TRACE] [REI] [REIPlugin END] Reloading Section: "reloadable-plugin/FluidSupportProviderImpl/DefaultPluginImpl of DefaultPluginImpl [roughlyenoughitems]/"
[19:09:40] [main/TRACE] [REI] [REIPlugin END] Reloading Section: "reloadable-plugin/FluidSupportProviderImpl/DefaultPluginImpl of DefaultPluginImpl [roughlyenoughitems]/" done in 40.41 μs
[19:09:40] [main/TRACE] [REI] [REIPlugin END] Reloading Section: "reloadable-plugin/FluidSupportProviderImpl/DefaultRuntimePlugin of DefaultRuntimePlugin [roughlyenoughitems]/"
[19:09:40] [main/TRACE] [REI] [REIPlugin END] Reloading Section: "reloadable-plugin/FluidSupportProviderImpl/DefaultRuntimePlugin of DefaultRuntimePlugin [roughlyenoughitems]/" done in 47.05 μs
[19:09:40] [main/TRACE] [REI] [REIPlugin END] Reloading Section: "reloadable-plugin/FluidSupportProviderImpl/" done in 2.966 ms
[19:09:40] [main/DEBUG] [REI] ========================================
[19:09:40] [main/DEBUG] [REI] REIPlugin ending main-reload for END.
[19:09:40] [main/DEBUG] [REI] ========================================
[19:09:40] [main/TRACE] [REI] [REIPlugin END] Reloading Section: "end-reload/"
[19:09:40] [main/TRACE] [REI] [REIPlugin END] Reloading Section: "end-reload/EntryTypeRegistryImpl/"
[19:09:40] [main/TRACE] [REI] [REIPlugin END] Reloading Section: "end-reload/EntryTypeRegistryImpl/" done in 35.39 μs
[19:09:40] [main/TRACE] [REI] [REIPlugin END] Reloading Section: "end-reload/EntrySettingsAdapterRegistryImpl/"
[19:09:40] [main/TRACE] [REI] [REIPlugin END] Reloading Section: "end-reload/EntrySettingsAdapterRegistryImpl/" done in 40.94 μs
[19:09:40] [main/TRACE] [REI] [REIPlugin END] Reloading Section: "end-reload/RecipeManagerContextImpl/"
[19:09:40] [main/TRACE] [REI] [REIPlugin END] Reloading Section: "end-reload/RecipeManagerContextImpl/" done in 36.70 μs
[19:09:40] [main/TRACE] [REI] [REIPlugin END] Reloading Section: "end-reload/ItemComparatorRegistryImpl/"
[19:09:40] [main/TRACE] [REI] [REIPlugin END] Reloading Section: "end-reload/ItemComparatorRegistryImpl/" done in 37.07 μs
[19:09:40] [main/TRACE] [REI] [REIPlugin END] Reloading Section: "end-reload/FluidComparatorRegistryImpl/"
[19:09:40] [main/TRACE] [REI] [REIPlugin END] Reloading Section: "end-reload/FluidComparatorRegistryImpl/" done in 35.32 μs
[19:09:40] [main/TRACE] [REI] [REIPlugin END] Reloading Section: "end-reload/DisplaySerializerRegistryImpl/"
[19:09:40] [main/TRACE] [REI] [REIPlugin END] Reloading Section: "end-reload/DisplaySerializerRegistryImpl/" done in 39.48 μs
[19:09:40] [main/TRACE] [REI] [REIPlugin END] Reloading Section: "end-reload/FluidSupportProviderImpl/"
[19:09:40] [main/TRACE] [REI] [REIPlugin END] Reloading Section: "end-reload/FluidSupportProviderImpl/" done in 32.28 μs
[19:09:40] [main/TRACE] [REI] [REIPlugin END] Reloading Section: "end-reload/" done in 1.067 ms
[19:09:40] [main/DEBUG] [REI] ========================================
[19:09:40] [main/DEBUG] [REI] REIPlugin ended main-reload for END in 39.11 ms.
[19:09:40] [main/DEBUG] [REI] ========================================
[19:09:40] [main/INFO] [REI] ========================================
[19:09:40] [main/INFO] [REI] REIServerPlugin starting main-reload for END.
[19:09:40] [main/DEBUG] [REI] Reloadables (2):
[19:09:40] [main/DEBUG] [REI]  - MenuInfoRegistryImpl
[19:09:40] [main/DEBUG] [REI]  - SlotAccessorRegistryImpl
[19:09:40] [main/INFO] [REI] Plugins (2):
[19:09:40] [main/INFO] [REI]  - (-100.00) DefaultPluginImpl of DefaultPluginImpl [roughlyenoughitems]
[19:09:40] [main/INFO] [REI]  - (0.00) DefaultRuntimePlugin of DefaultRuntimePlugin [roughlyenoughitems]
[19:09:40] [main/INFO] [REI] ========================================
[19:09:40] [main/TRACE] [REI] [REIServerPlugin END] Reloading Section: "start-reload/"
[19:09:40] [main/TRACE] [REI] [REIServerPlugin END] Reloading Section: "start-reload/MenuInfoRegistryImpl/"
[19:09:40] [main/TRACE] [REI] [REIServerPlugin END] Reloading Section: "start-reload/MenuInfoRegistryImpl/" done in 49.29 μs
[19:09:40] [main/TRACE] [REI] [REIServerPlugin END] Reloading Section: "start-reload/SlotAccessorRegistryImpl/"
[19:09:40] [main/TRACE] [REI] [REIServerPlugin END] Reloading Section: "start-reload/SlotAccessorRegistryImpl/" done in 44.60 μs
[19:09:40] [main/TRACE] [REI] [REIServerPlugin END] Reloading Section: "start-reload/" done in 359.1 μs
[19:09:40] [main/DEBUG] [REI] ========================================
[19:09:40] [main/DEBUG] [REI] REIServerPlugin started main-reload for END.
[19:09:40] [main/DEBUG] [REI] ========================================
[19:09:40] [main/TRACE] [REI] [REIServerPlugin END] Reloading Section: "reloadable-plugin/MenuInfoRegistryImpl/"
[19:09:40] [main/TRACE] [REI] [REIServerPlugin END] Reloading Section: "reloadable-plugin/MenuInfoRegistryImpl/DefaultPluginImpl of DefaultPluginImpl [roughlyenoughitems]/"
[19:09:40] [main/TRACE] [REI] [REIServerPlugin END] Reloading Section: "reloadable-plugin/MenuInfoRegistryImpl/DefaultPluginImpl of DefaultPluginImpl [roughlyenoughitems]/" done in 63.71 μs
[19:09:40] [main/TRACE] [REI] [REIServerPlugin END] Reloading Section: "reloadable-plugin/MenuInfoRegistryImpl/DefaultRuntimePlugin of DefaultRuntimePlugin [roughlyenoughitems]/"
[19:09:40] [main/TRACE] [REI] [REIServerPlugin END] Reloading Section: "reloadable-plugin/MenuInfoRegistryImpl/DefaultRuntimePlugin of DefaultRuntimePlugin [roughlyenoughitems]/" done in 40.90 μs
[19:09:40] [main/TRACE] [REI] [REIServerPlugin END] Reloading Section: "reloadable-plugin/MenuInfoRegistryImpl/" done in 308.1 μs
[19:09:40] [main/TRACE] [REI] [REIServerPlugin END] Reloading Section: "reloadable-plugin/SlotAccessorRegistryImpl/"
[19:09:40] [main/TRACE] [REI] [REIServerPlugin END] Reloading Section: "reloadable-plugin/SlotAccessorRegistryImpl/DefaultPluginImpl of DefaultPluginImpl [roughlyenoughitems]/"
[19:09:40] [main/TRACE] [REI] [REIServerPlugin END] Reloading Section: "reloadable-plugin/SlotAccessorRegistryImpl/DefaultPluginImpl of DefaultPluginImpl [roughlyenoughitems]/" done in 50.54 μs
[19:09:40] [main/TRACE] [REI] [REIServerPlugin END] Reloading Section: "reloadable-plugin/SlotAccessorRegistryImpl/DefaultRuntimePlugin of DefaultRuntimePlugin [roughlyenoughitems]/"
[19:09:40] [main/DEBUG] [REI] Added slot accessor serializer: me.shedaniel.rei.plugin.common.runtime.DefaultRuntimePlugin$1@1f88024b [roughlyenoughitems:vanilla]
[19:09:40] [main/DEBUG] [REI] Added slot accessor serializer: me.shedaniel.rei.plugin.common.runtime.DefaultRuntimePlugin$2@778e7638 [roughlyenoughitems:player]
[19:09:40] [main/TRACE] [REI] [REIServerPlugin END] Reloading Section: "reloadable-plugin/SlotAccessorRegistryImpl/DefaultRuntimePlugin of DefaultRuntimePlugin [roughlyenoughitems]/" done in 1.761 ms
[19:09:40] [main/TRACE] [REI] [REIServerPlugin END] Reloading Section: "reloadable-plugin/SlotAccessorRegistryImpl/" done in 2.032 ms
[19:09:40] [main/DEBUG] [REI] ========================================
[19:09:40] [main/DEBUG] [REI] REIServerPlugin ending main-reload for END.
[19:09:40] [main/DEBUG] [REI] ========================================
[19:09:40] [main/TRACE] [REI] [REIServerPlugin END] Reloading Section: "end-reload/"
[19:09:40] [main/TRACE] [REI] [REIServerPlugin END] Reloading Section: "end-reload/MenuInfoRegistryImpl/"
[19:09:40] [main/DEBUG] [REI] Registered 0 menu infos
[19:09:40] [main/TRACE] [REI] [REIServerPlugin END] Reloading Section: "end-reload/MenuInfoRegistryImpl/" done in 129.8 μs
[19:09:40] [main/TRACE] [REI] [REIServerPlugin END] Reloading Section: "end-reload/SlotAccessorRegistryImpl/"
[19:09:40] [main/DEBUG] [REI] Registered 2 slot accessor serializers
[19:09:40] [main/TRACE] [REI] [REIServerPlugin END] Reloading Section: "end-reload/SlotAccessorRegistryImpl/" done in 118.8 μs
[19:09:40] [main/TRACE] [REI] [REIServerPlugin END] Reloading Section: "end-reload/" done in 430.3 μs
[19:09:40] [main/DEBUG] [REI] ========================================
[19:09:40] [main/DEBUG] [REI] REIServerPlugin ended main-reload for END in 6.452 ms.
[19:09:40] [main/DEBUG] [REI] ========================================
[19:09:40] [main/DEBUG] [REI] ========================================
[19:09:40] [main/DEBUG] [REI] REIPlugin starting post-reload for END.
[19:09:40] [main/DEBUG] [REI] Reloadables (7):
[19:09:40] [main/DEBUG] [REI]  - EntryTypeRegistryImpl
[19:09:40] [main/DEBUG] [REI]  - EntrySettingsAdapterRegistryImpl
[19:09:40] [main/DEBUG] [REI]  - RecipeManagerContextImpl
[19:09:40] [main/DEBUG] [REI]  - ItemComparatorRegistryImpl
[19:09:40] [main/DEBUG] [REI]  - FluidComparatorRegistryImpl
[19:09:40] [main/DEBUG] [REI]  - DisplaySerializerRegistryImpl
[19:09:40] [main/DEBUG] [REI]  - FluidSupportProviderImpl
[19:09:40] [main/DEBUG] [REI] Plugins (2):
[19:09:40] [main/DEBUG] [REI]  - (-100.00) DefaultPluginImpl of DefaultPluginImpl [roughlyenoughitems]
[19:09:40] [main/DEBUG] [REI]  - (0.00) DefaultRuntimePlugin of DefaultRuntimePlugin [roughlyenoughitems]
[19:09:40] [main/DEBUG] [REI] ========================================
[19:09:40] [main/TRACE] [REI] [REIPlugin END] Reloading Section: "post-register/"
[19:09:40] [main/TRACE] [REI] [REIPlugin END] Reloading Section: "post-register/DefaultPluginImpl of DefaultPluginImpl [roughlyenoughitems]/"
[19:09:40] [main/TRACE] [REI] [REIPlugin END] Reloading Section: "post-register/DefaultPluginImpl of DefaultPluginImpl [roughlyenoughitems]/" done in 44.81 μs
[19:09:40] [main/TRACE] [REI] [REIPlugin END] Reloading Section: "post-register/DefaultRuntimePlugin of DefaultRuntimePlugin [roughlyenoughitems]/"
[19:09:40] [main/TRACE] [REI] [REIPlugin END] Reloading Section: "post-register/DefaultRuntimePlugin of DefaultRuntimePlugin [roughlyenoughitems]/" done in 2.133 ms
[19:09:40] [main/TRACE] [REI] [REIPlugin END] Reloading Section: "post-register/" done in 2.475 ms
[19:09:40] [main/TRACE] [REI] [REIPlugin END] Reloading Section: "post-stage/"
[19:09:40] [main/TRACE] [REI] [REIPlugin END] Reloading Section: "post-stage/EntryTypeRegistryImpl/"
[19:09:40] [main/TRACE] [REI] [REIPlugin END] Reloading Section: "post-stage/EntryTypeRegistryImpl/" done in 45.37 μs
[19:09:40] [main/TRACE] [REI] [REIPlugin END] Reloading Section: "post-stage/EntrySettingsAdapterRegistryImpl/"
[19:09:40] [main/TRACE] [REI] [REIPlugin END] Reloading Section: "post-stage/EntrySettingsAdapterRegistryImpl/" done in 67.78 μs
[19:09:40] [main/TRACE] [REI] [REIPlugin END] Reloading Section: "post-stage/RecipeManagerContextImpl/"
[19:09:40] [main/TRACE] [REI] [REIPlugin END] Reloading Section: "post-stage/RecipeManagerContextImpl/" done in 70.93 μs
[19:09:40] [main/TRACE] [REI] [REIPlugin END] Reloading Section: "post-stage/ItemComparatorRegistryImpl/"
[19:09:40] [main/TRACE] [REI] [REIPlugin END] Reloading Section: "post-stage/ItemComparatorRegistryImpl/" done in 66.62 μs
[19:09:40] [main/TRACE] [REI] [REIPlugin END] Reloading Section: "post-stage/FluidComparatorRegistryImpl/"
[19:09:40] [main/TRACE] [REI] [REIPlugin END] Reloading Section: "post-stage/FluidComparatorRegistryImpl/" done in 141.8 μs
[19:09:40] [main/TRACE] [REI] [REIPlugin END] Reloading Section: "post-stage/DisplaySerializerRegistryImpl/"
[19:09:40] [main/TRACE] [REI] [REIPlugin END] Reloading Section: "post-stage/DisplaySerializerRegistryImpl/" done in 59.10 μs
[19:09:40] [main/TRACE] [REI] [REIPlugin END] Reloading Section: "post-stage/FluidSupportProviderImpl/"
[19:09:40] [main/TRACE] [REI] [REIPlugin END] Reloading Section: "post-stage/FluidSupportProviderImpl/" done in 33.56 μs
[19:09:40] [main/TRACE] [REI] [REIPlugin END] Reloading Section: "post-stage/" done in 2.907 ms
[19:09:40] [main/DEBUG] [REI] ========================================
[19:09:40] [main/INFO] [REI] REIPlugin finished post-reload for END in 5.541 ms, totaling 46.38 ms.
[19:09:40] [main/DEBUG] [REI] ========================================
[19:09:40] [main/DEBUG] [REI] ========================================
[19:09:40] [main/DEBUG] [REI] REIServerPlugin starting post-reload for END.
[19:09:40] [main/DEBUG] [REI] Reloadables (2):
[19:09:40] [main/DEBUG] [REI]  - MenuInfoRegistryImpl
[19:09:40] [main/DEBUG] [REI]  - SlotAccessorRegistryImpl
[19:09:40] [main/DEBUG] [REI] Plugins (2):
[19:09:40] [main/DEBUG] [REI]  - (-100.00) DefaultPluginImpl of DefaultPluginImpl [roughlyenoughitems]
[19:09:40] [main/DEBUG] [REI]  - (0.00) DefaultRuntimePlugin of DefaultRuntimePlugin [roughlyenoughitems]
[19:09:40] [main/DEBUG] [REI] ========================================
[19:09:40] [main/TRACE] [REI] [REIServerPlugin END] Reloading Section: "post-register/"
[19:09:40] [main/TRACE] [REI] [REIServerPlugin END] Reloading Section: "post-register/DefaultPluginImpl of DefaultPluginImpl [roughlyenoughitems]/"
[19:09:40] [main/TRACE] [REI] [REIServerPlugin END] Reloading Section: "post-register/DefaultPluginImpl of DefaultPluginImpl [roughlyenoughitems]/" done in 73.13 μs
[19:09:40] [main/TRACE] [REI] [REIServerPlugin END] Reloading Section: "post-register/DefaultRuntimePlugin of DefaultRuntimePlugin [roughlyenoughitems]/"
[19:09:40] [main/TRACE] [REI] [REIServerPlugin END] Reloading Section: "post-register/DefaultRuntimePlugin of DefaultRuntimePlugin [roughlyenoughitems]/" done in 51.13 μs
[19:09:40] [main/TRACE] [REI] [REIServerPlugin END] Reloading Section: "post-register/" done in 361.2 μs
[19:09:40] [main/TRACE] [REI] [REIServerPlugin END] Reloading Section: "post-stage/"
[19:09:40] [main/TRACE] [REI] [REIServerPlugin END] Reloading Section: "post-stage/MenuInfoRegistryImpl/"
[19:09:40] [main/TRACE] [REI] [REIServerPlugin END] Reloading Section: "post-stage/MenuInfoRegistryImpl/" done in 41.47 μs
[19:09:40] [main/TRACE] [REI] [REIServerPlugin END] Reloading Section: "post-stage/SlotAccessorRegistryImpl/"
[19:09:40] [main/TRACE] [REI] [REIServerPlugin END] Reloading Section: "post-stage/SlotAccessorRegistryImpl/" done in 146.0 μs
[19:09:40] [main/TRACE] [REI] [REIServerPlugin END] Reloading Section: "post-stage/" done in 452.9 μs
[19:09:40] [main/DEBUG] [REI] ========================================
[19:09:40] [main/INFO] [REI] REIServerPlugin finished post-reload for END in 997.8 μs, totaling 9.037 ms.
[19:09:40] [main/DEBUG] [REI] ========================================
